[2024-12-30 17:45:38.571375] [INFO] 1: 打开日志文件@@@@@@: logs\1\2024-12-30.log
[2024-12-30 17:45:38.573370] [INFO] 1: 打开日志文件@@@@@@: logs\1\2024-12-30.log
[2024-12-30 17:45:38.574368] [INFO] 1: 打开日志文件@@@@@@: logs\1\2024-12-30.log
[2024-12-30 17:45:38.576386] [INFO] 1: 打开日志文件@@@@@@: logs\1\2024-12-30.log
[2024-12-30 17:45:38.582346] [INFO] 1: 打开日志文件@@@@@@: logs\1\2024-12-30.log
[2024-12-30 17:45:38.583344] [INFO] 1: 打开日志文件@@@@@@: logs\1\2024-12-30.log
[2024-12-30 17:45:38.585338] [INFO] 1: 打开日志文件@@@@@@: logs\1\2024-12-30.log
[2024-12-30 17:45:38.587333] [INFO] 1: 打开日志文件@@@@@@: logs\1\2024-12-30.log
[2024-12-30 17:45:38.590325] [INFO] 1: 打开日志文件@@@@@@: logs\1\2024-12-30.log
[2024-12-30 17:45:38.593317] [INFO] 1: 打开日志文件@@@@@@: logs\1\2024-12-30.log
[2024-12-30 17:45:38.595316] [INFO] 1: 打开日志文件@@@@@@: logs\1\2024-12-30.log
[2024-12-30 17:45:38.597307] [INFO] 1: 打开日志文件@@@@@@: logs\1\2024-12-30.log
[2024-12-30 17:45:38.599302] [INFO] 1: 打开日志文件@@@@@@: logs\1\2024-12-30.log
[2024-12-30 17:45:38.600299] [INFO] 1: 打开日志文件@@@@@@: logs\1\2024-12-30.log
[2024-12-30 17:45:38.603291] [INFO] 1: 打开日志文件@@@@@@: logs\1\2024-12-30.log
[2024-12-30 17:45:38.604293] [INFO] 1: 打开日志文件@@@@@@: logs\1\2024-12-30.log
[2024-12-30 17:45:38.606282] [INFO] 1: 打开日志文件@@@@@@: logs\1\2024-12-30.log
[2024-12-30 17:45:38.607280] [INFO] 1: 打开日志文件@@@@@@: logs\1\2024-12-30.log
[2024-12-30 17:45:38.609275] [INFO] 1: 打开日志文件@@@@@@: logs\1\2024-12-30.log
[2024-12-30 17:45:38.611269] [INFO] 1: 打开日志文件@@@@@@: logs\1\2024-12-30.log
[2024-12-30 17:45:38.612270] [INFO] 1: 打开日志文件@@@@@@: logs\1\2024-12-30.log
[2024-12-30 17:45:38.615259] [INFO] 1: 打开日志文件@@@@@@: logs\1\2024-12-30.log
[2024-12-30 17:45:38.616255] [INFO] 1: 打开日志文件@@@@@@: logs\1\2024-12-30.log
[2024-12-30 17:45:38.617252] [INFO] 1: 打开日志文件@@@@@@: logs\1\2024-12-30.log
[2024-12-30 17:45:38.619248] [INFO] 1: 打开日志文件@@@@@@: logs\1\2024-12-30.log
[2024-12-30 17:45:38.620247] [INFO] 1: 打开日志文件@@@@@@: logs\1\2024-12-30.log
[2024-12-30 17:45:38.622240] [INFO] 1: 打开日志文件@@@@@@: logs\1\2024-12-30.log
[2024-12-30 17:45:38.623237] [INFO] 1: 打开日志文件@@@@@@: logs\1\2024-12-30.log
[2024-12-30 17:45:38.624234] [INFO] 1: 打开日志文件@@@@@@: logs\1\2024-12-30.log
[2024-12-30 17:45:38.626230] [INFO] 1: 打开日志文件@@@@@@: logs\1\2024-12-30.log
[2024-12-30 17:45:38.627233] [INFO] 1: 打开日志文件@@@@@@: logs\1\2024-12-30.log
[2024-12-30 17:45:38.629221] [INFO] 1: 打开日志文件@@@@@@: logs\1\2024-12-30.log
[2024-12-30 17:45:38.631219] [INFO] 1: 打开日志文件@@@@@@: logs\1\2024-12-30.log
[2024-12-30 17:45:38.633230] [INFO] 1: 打开日志文件@@@@@@: logs\1\2024-12-30.log
[2024-12-30 17:45:38.634207] [INFO] 1: 打开日志文件@@@@@@: logs\1\2024-12-30.log
[2024-12-30 17:45:38.636186] [INFO] 1: 打开日志文件@@@@@@: logs\1\2024-12-30.log
[2024-12-30 17:45:38.637189] [INFO] 1: 打开日志文件@@@@@@: logs\1\2024-12-30.log
[2024-12-30 17:45:38.638183] [INFO] 1: 打开日志文件@@@@@@: logs\1\2024-12-30.log
[2024-12-30 17:45:38.640179] [INFO] 1: 打开日志文件@@@@@@: logs\1\2024-12-30.log
[2024-12-30 17:45:38.641175] [INFO] 1: 打开日志文件@@@@@@: logs\1\2024-12-30.log
[2024-12-30 17:45:38.642172] [INFO] 1: 打开日志文件@@@@@@: logs\1\2024-12-30.log
[2024-12-30 17:45:38.642172] [INFO] 1: 打开日志文件@@@@@@: logs\1\2024-12-30.log
[2024-12-30 17:45:38.643170] [INFO] 1: 打开日志文件@@@@@@: logs\1\2024-12-30.log
[2024-12-30 17:45:38.644168] [INFO] 1: 打开日志文件@@@@@@: logs\1\2024-12-30.log
[2024-12-30 17:45:38.645166] [INFO] 1: 打开日志文件@@@@@@: logs\1\2024-12-30.log
[2024-12-30 17:45:38.646163] [INFO] 1: 打开日志文件@@@@@@: logs\1\2024-12-30.log
[2024-12-30 17:45:38.648157] [INFO] 1: 打开日志文件@@@@@@: logs\1\2024-12-30.log
[2024-12-30 17:45:38.649156] [INFO] 1: 打开日志文件@@@@@@: logs\1\2024-12-30.log
[2024-12-30 17:45:38.651156] [INFO] 1: 打开日志文件@@@@@@: logs\1\2024-12-30.log
[2024-12-30 17:45:38.652146] [INFO] 1: 打开日志文件@@@@@@: logs\1\2024-12-30.log
[2024-12-30 17:45:38.653144] [INFO] 1: 打开日志文件@@@@@@: logs\1\2024-12-30.log
[2024-12-30 17:45:38.655140] [INFO] 1: 打开日志文件@@@@@@: logs\1\2024-12-30.log
[2024-12-30 17:45:38.656135] [INFO] 1: 打开日志文件@@@@@@: logs\1\2024-12-30.log
[2024-12-30 17:45:38.657133] [INFO] 1: 打开日志文件@@@@@@: logs\1\2024-12-30.log
[2024-12-30 17:45:38.659128] [INFO] 1: 打开日志文件@@@@@@: logs\1\2024-12-30.log
[2024-12-30 17:45:38.661123] [INFO] 1: 打开日志文件@@@@@@: logs\1\2024-12-30.log
[2024-12-30 17:45:38.664115] [INFO] 1: 打开日志文件@@@@@@: logs\1\2024-12-30.log
[2024-12-30 17:45:38.666109] [INFO] 1: 打开日志文件@@@@@@: logs\1\2024-12-30.log
[2024-12-30 17:45:38.667107] [INFO] 1: 打开日志文件@@@@@@: logs\1\2024-12-30.log
[2024-12-30 17:45:38.668104] [INFO] 1: 打开日志文件@@@@@@: logs\1\2024-12-30.log
[2024-12-30 17:45:38.669102] [INFO] 1: 打开日志文件@@@@@@: logs\1\2024-12-30.log
[2024-12-30 17:45:38.671096] [INFO] 1: 打开日志文件@@@@@@: logs\1\2024-12-30.log
[2024-12-30 17:45:38.672094] [INFO] 1: 打开日志文件@@@@@@: logs\1\2024-12-30.log
[2024-12-30 17:45:38.673092] [INFO] 1: 打开日志文件@@@@@@: logs\1\2024-12-30.log
[2024-12-30 17:45:38.676083] [INFO] 1: 打开日志文件@@@@@@: logs\1\2024-12-30.log
[2024-12-30 17:45:38.677084] [INFO] 1: 打开日志文件@@@@@@: logs\1\2024-12-30.log
[2024-12-30 17:45:38.680071] [INFO] 1: 打开日志文件@@@@@@: logs\1\2024-12-30.log
[2024-12-30 17:45:38.682066] [INFO] 1: 打开日志文件@@@@@@: logs\1\2024-12-30.log
[2024-12-30 17:45:38.683063] [INFO] 1: 打开日志文件@@@@@@: logs\1\2024-12-30.log
[2024-12-30 17:45:38.685119] [INFO] 1: 打开日志文件@@@@@@: logs\1\2024-12-30.log
[2024-12-30 17:45:38.687053] [INFO] 1: 打开日志文件@@@@@@: logs\1\2024-12-30.log
[2024-12-30 17:45:38.688050] [INFO] 1: 打开日志文件@@@@@@: logs\1\2024-12-30.log
[2024-12-30 17:45:38.689049] [INFO] 1: 打开日志文件@@@@@@: logs\1\2024-12-30.log
[2024-12-30 17:45:38.691042] [INFO] 1: 打开日志文件@@@@@@: logs\1\2024-12-30.log
[2024-12-30 17:45:38.692040] [INFO] 1: 打开日志文件@@@@@@: logs\1\2024-12-30.log
[2024-12-30 17:45:38.693044] [INFO] 1: 打开日志文件@@@@@@: logs\1\2024-12-30.log
[2024-12-30 17:45:38.697026] [INFO] 1: 打开日志文件@@@@@@: logs\1\2024-12-30.log
[2024-12-30 17:45:38.699050] [INFO] 1: 打开日志文件@@@@@@: logs\1\2024-12-30.log
[2024-12-30 17:45:38.700018] [INFO] 1: 打开日志文件@@@@@@: logs\1\2024-12-30.log
[2024-12-30 17:45:38.701016] [INFO] 1: 打开日志文件@@@@@@: logs\1\2024-12-30.log
[2024-12-30 17:45:38.702013] [INFO] 1: 打开日志文件@@@@@@: logs\1\2024-12-30.log
[2024-12-30 17:45:38.703011] [INFO] 1: 打开日志文件@@@@@@: logs\1\2024-12-30.log
[2024-12-30 17:45:38.704008] [INFO] 1: 打开日志文件@@@@@@: logs\1\2024-12-30.log
[2024-12-30 17:45:38.705005] [INFO] 1: 打开日志文件@@@@@@: logs\1\2024-12-30.log
[2024-12-30 17:45:38.706003] [INFO] 1: 打开日志文件@@@@@@: logs\1\2024-12-30.log
[2024-12-30 17:45:38.706003] [INFO] 1: 打开日志文件@@@@@@: logs\1\2024-12-30.log
[2024-12-30 17:45:38.706999] [INFO] 1: 打开日志文件@@@@@@: logs\1\2024-12-30.log
[2024-12-30 17:45:38.707997] [INFO] 1: 打开日志文件@@@@@@: logs\1\2024-12-30.log
[2024-12-30 17:45:38.708995] [INFO] 1: 打开日志文件@@@@@@: logs\1\2024-12-30.log
[2024-12-30 17:45:38.709992] [INFO] 1: 打开日志文件@@@@@@: logs\1\2024-12-30.log
[2024-12-30 17:45:38.710989] [INFO] 1: 打开日志文件@@@@@@: logs\1\2024-12-30.log
[2024-12-30 17:45:38.711986] [INFO] 1: 打开日志文件@@@@@@: logs\1\2024-12-30.log
[2024-12-30 17:45:38.713981] [INFO] 1: 打开日志文件@@@@@@: logs\1\2024-12-30.log
[2024-12-30 17:45:38.714978] [INFO] 1: 打开日志文件@@@@@@: logs\1\2024-12-30.log
[2024-12-30 17:45:38.715976] [INFO] 1: 打开日志文件@@@@@@: logs\1\2024-12-30.log
[2024-12-30 17:45:38.716973] [INFO] 1: 打开日志文件@@@@@@: logs\1\2024-12-30.log
[2024-12-30 17:45:38.717976] [INFO] 1: 打开日志文件@@@@@@: logs\1\2024-12-30.log
[2024-12-30 17:45:38.719966] [INFO] 1: 打开日志文件@@@@@@: logs\1\2024-12-30.log
[2024-12-30 17:45:38.719966] [INFO] 1: 打开日志文件@@@@@@: logs\1\2024-12-30.log
[2024-12-30 17:45:38.720965] [INFO] 1: 打开日志文件@@@@@@: logs\1\2024-12-30.log
[2024-12-30 17:45:38.721959] [INFO] 1: 打开日志文件@@@@@@: logs\1\2024-12-30.log
[2024-12-30 17:45:38.725949] [INFO] 1: 打开日志文件@@@@@@: logs\1\2024-12-30.log
[2024-12-30 17:45:38.725949] [INFO] 1: 打开日志文件@@@@@@: logs\1\2024-12-30.log
[2024-12-30 17:45:38.726947] [INFO] 1: 打开日志文件@@@@@@: logs\1\2024-12-30.log
[2024-12-30 17:45:38.727944] [INFO] 1: 打开日志文件@@@@@@: logs\1\2024-12-30.log
[2024-12-30 17:45:38.730936] [INFO] 1: 打开日志文件@@@@@@: logs\1\2024-12-30.log
[2024-12-30 17:45:38.731933] [INFO] 1: 打开日志文件@@@@@@: logs\1\2024-12-30.log
[2024-12-30 17:45:38.732930] [INFO] 1: 打开日志文件@@@@@@: logs\1\2024-12-30.log
[2024-12-30 17:45:38.734926] [INFO] 1: 打开日志文件@@@@@@: logs\1\2024-12-30.log
[2024-12-30 17:45:38.735922] [INFO] 1: 打开日志文件@@@@@@: logs\1\2024-12-30.log
[2024-12-30 17:45:38.736920] [INFO] 1: 打开日志文件@@@@@@: logs\1\2024-12-30.log
[2024-12-30 17:45:38.737917] [INFO] 1: 打开日志文件@@@@@@: logs\1\2024-12-30.log
[2024-12-30 17:45:38.738914] [INFO] 1: 打开日志文件@@@@@@: logs\1\2024-12-30.log
[2024-12-30 17:45:38.739912] [INFO] 1: 打开日志文件@@@@@@: logs\1\2024-12-30.log
[2024-12-30 17:45:38.742184] [INFO] 1: 打开日志文件@@@@@@: logs\1\2024-12-30.log
[2024-12-30 17:45:38.750882] [INFO] 1: 打开日志文件@@@@@@: logs\1\2024-12-30.log
[2024-12-30 17:45:38.752877] [INFO] 1: 打开日志文件@@@@@@: logs\1\2024-12-30.log
[2024-12-30 17:45:38.753875] [INFO] 1: 打开日志文件@@@@@@: logs\1\2024-12-30.log
[2024-12-30 17:45:38.754872] [INFO] 1: 打开日志文件@@@@@@: logs\1\2024-12-30.log
[2024-12-30 17:45:38.755869] [INFO] 1: 打开日志文件@@@@@@: logs\1\2024-12-30.log
[2024-12-30 17:45:38.757863] [INFO] 1: 打开日志文件@@@@@@: logs\1\2024-12-30.log
[2024-12-30 17:45:38.759858] [INFO] 1: 打开日志文件@@@@@@: logs\1\2024-12-30.log
[2024-12-30 17:45:38.760855] [INFO] 1: 打开日志文件@@@@@@: logs\1\2024-12-30.log
[2024-12-30 17:45:38.761853] [INFO] 1: 打开日志文件@@@@@@: logs\1\2024-12-30.log
[2024-12-30 17:45:38.763848] [INFO] 1: 打开日志文件@@@@@@: logs\1\2024-12-30.log
[2024-12-30 17:45:38.764845] [INFO] 1: 打开日志文件@@@@@@: logs\1\2024-12-30.log
[2024-12-30 17:45:38.766839] [INFO] 1: 打开日志文件@@@@@@: logs\1\2024-12-30.log
[2024-12-30 17:45:38.766839] [INFO] 1: 打开日志文件@@@@@@: logs\1\2024-12-30.log
[2024-12-30 17:45:38.767837] [INFO] 1: 打开日志文件@@@@@@: logs\1\2024-12-30.log
[2024-12-30 17:45:38.768833] [INFO] 1: 打开日志文件@@@@@@: logs\1\2024-12-30.log
[2024-12-30 17:45:38.769831] [INFO] 1: 打开日志文件@@@@@@: logs\1\2024-12-30.log
[2024-12-30 17:45:38.769831] [INFO] 1: 打开日志文件@@@@@@: logs\1\2024-12-30.log
[2024-12-30 17:45:38.770829] [INFO] 1: 打开日志文件@@@@@@: logs\1\2024-12-30.log
[2024-12-30 17:45:38.771826] [INFO] 1: 打开日志文件@@@@@@: logs\1\2024-12-30.log
[2024-12-30 17:45:38.772823] [INFO] 1: 打开日志文件@@@@@@: logs\1\2024-12-30.log
[2024-12-30 17:45:38.773824] [INFO] 1: 打开日志文件@@@@@@: logs\1\2024-12-30.log
[2024-12-30 17:45:38.774818] [INFO] 1: 打开日志文件@@@@@@: logs\1\2024-12-30.log
[2024-12-30 17:45:38.774818] [INFO] 1: 打开日志文件@@@@@@: logs\1\2024-12-30.log
[2024-12-30 17:45:38.775816] [INFO] 1: 打开日志文件@@@@@@: logs\1\2024-12-30.log
[2024-12-30 17:45:38.776812] [INFO] 1: 打开日志文件@@@@@@: logs\1\2024-12-30.log
[2024-12-30 17:45:38.777810] [INFO] 1: 打开日志文件@@@@@@: logs\1\2024-12-30.log
[2024-12-30 17:45:38.779805] [INFO] 1: 打开日志文件@@@@@@: logs\1\2024-12-30.log
[2024-12-30 17:45:38.781800] [INFO] 1: 打开日志文件@@@@@@: logs\1\2024-12-30.log
[2024-12-30 17:45:38.782797] [INFO] 1: 打开日志文件@@@@@@: logs\1\2024-12-30.log
[2024-12-30 17:45:38.782797] [INFO] 1: 打开日志文件@@@@@@: logs\1\2024-12-30.log
[2024-12-30 17:45:38.783794] [INFO] 1: 打开日志文件@@@@@@: logs\1\2024-12-30.log
[2024-12-30 17:45:38.784791] [INFO] 1: 打开日志文件@@@@@@: logs\1\2024-12-30.log
[2024-12-30 17:45:38.785789] [INFO] 1: 打开日志文件@@@@@@: logs\1\2024-12-30.log
[2024-12-30 17:45:38.786786] [INFO] 1: 打开日志文件@@@@@@: logs\1\2024-12-30.log
[2024-12-30 17:45:38.787783] [INFO] 1: 打开日志文件@@@@@@: logs\1\2024-12-30.log
[2024-12-30 17:45:38.788781] [INFO] 1: 打开日志文件@@@@@@: logs\1\2024-12-30.log
[2024-12-30 17:45:38.789778] [INFO] 1: 打开日志文件@@@@@@: logs\1\2024-12-30.log
[2024-12-30 17:45:38.791773] [INFO] 1: 打开日志文件@@@@@@: logs\1\2024-12-30.log
[2024-12-30 17:45:38.791773] [INFO] 1: 打开日志文件@@@@@@: logs\1\2024-12-30.log
[2024-12-30 17:45:38.792770] [INFO] 1: 打开日志文件@@@@@@: logs\1\2024-12-30.log
[2024-12-30 17:45:38.793767] [INFO] 1: 打开日志文件@@@@@@: logs\1\2024-12-30.log
[2024-12-30 17:45:38.793767] [INFO] 1: 打开日志文件@@@@@@: logs\1\2024-12-30.log
[2024-12-30 17:45:38.794765] [INFO] 1: 打开日志文件@@@@@@: logs\1\2024-12-30.log
[2024-12-30 17:45:38.797757] [INFO] 1: 打开日志文件@@@@@@: logs\1\2024-12-30.log
[2024-12-30 17:45:38.798761] [INFO] 1: 打开日志文件@@@@@@: logs\1\2024-12-30.log
[2024-12-30 17:45:38.798761] [INFO] 1: 打开日志文件@@@@@@: logs\1\2024-12-30.log
[2024-12-30 17:45:38.799752] [INFO] 1: 打开日志文件@@@@@@: logs\1\2024-12-30.log
[2024-12-30 17:45:38.800748] [INFO] 1: 打开日志文件@@@@@@: logs\1\2024-12-30.log
[2024-12-30 17:45:38.801746] [INFO] 1: 打开日志文件@@@@@@: logs\1\2024-12-30.log
[2024-12-30 17:45:38.802743] [INFO] 1: 打开日志文件@@@@@@: logs\1\2024-12-30.log
[2024-12-30 17:45:38.802743] [INFO] 1: 打开日志文件@@@@@@: logs\1\2024-12-30.log
[2024-12-30 17:45:38.803740] [INFO] 1: 打开日志文件@@@@@@: logs\1\2024-12-30.log
[2024-12-30 17:45:38.804737] [INFO] 1: 打开日志文件@@@@@@: logs\1\2024-12-30.log
[2024-12-30 17:45:38.805735] [INFO] 1: 打开日志文件@@@@@@: logs\1\2024-12-30.log
[2024-12-30 17:45:38.806733] [INFO] 1: 打开日志文件@@@@@@: logs\1\2024-12-30.log
[2024-12-30 17:45:38.806733] [INFO] 1: 打开日志文件@@@@@@: logs\1\2024-12-30.log
[2024-12-30 17:45:38.807729] [INFO] 1: 打开日志文件@@@@@@: logs\1\2024-12-30.log
[2024-12-30 17:45:38.808727] [INFO] 1: 打开日志文件@@@@@@: logs\1\2024-12-30.log
[2024-12-30 17:45:38.809725] [INFO] 1: 打开日志文件@@@@@@: logs\1\2024-12-30.log
[2024-12-30 17:45:38.809725] [INFO] 1: 打开日志文件@@@@@@: logs\1\2024-12-30.log
[2024-12-30 17:45:38.810722] [INFO] 1: 打开日志文件@@@@@@: logs\1\2024-12-30.log
[2024-12-30 17:45:38.811720] [INFO] 1: 打开日志文件@@@@@@: logs\1\2024-12-30.log
[2024-12-30 17:45:38.813714] [INFO] 1: 打开日志文件@@@@@@: logs\1\2024-12-30.log
[2024-12-30 17:45:38.814711] [INFO] 1: 打开日志文件@@@@@@: logs\1\2024-12-30.log
[2024-12-30 17:45:38.815708] [INFO] 1: 打开日志文件@@@@@@: logs\1\2024-12-30.log
[2024-12-30 17:45:38.817704] [INFO] 1: 打开日志文件@@@@@@: logs\1\2024-12-30.log
[2024-12-30 17:45:38.817704] [INFO] 1: 打开日志文件@@@@@@: logs\1\2024-12-30.log
[2024-12-30 17:45:38.818701] [INFO] 1: 打开日志文件@@@@@@: logs\1\2024-12-30.log
[2024-12-30 17:45:38.819698] [INFO] 1: 打开日志文件@@@@@@: logs\1\2024-12-30.log
[2024-12-30 17:45:38.820695] [INFO] 1: 打开日志文件@@@@@@: logs\1\2024-12-30.log
[2024-12-30 17:45:38.821692] [INFO] 1: 打开日志文件@@@@@@: logs\1\2024-12-30.log
[2024-12-30 17:45:38.822690] [INFO] 1: 打开日志文件@@@@@@: logs\1\2024-12-30.log
[2024-12-30 17:45:38.823688] [INFO] 1: 打开日志文件@@@@@@: logs\1\2024-12-30.log
[2024-12-30 17:45:38.824685] [INFO] 1: 打开日志文件@@@@@@: logs\1\2024-12-30.log
[2024-12-30 17:45:38.825682] [INFO] 1: 打开日志文件@@@@@@: logs\1\2024-12-30.log
[2024-12-30 17:45:38.826679] [INFO] 1: 打开日志文件@@@@@@: logs\1\2024-12-30.log
[2024-12-30 17:45:38.827676] [INFO] 1: 打开日志文件@@@@@@: logs\1\2024-12-30.log
[2024-12-30 17:45:38.827676] [INFO] 1: 打开日志文件@@@@@@: logs\1\2024-12-30.log
[2024-12-30 17:45:38.828674] [INFO] 1: 打开日志文件@@@@@@: logs\1\2024-12-30.log
[2024-12-30 17:45:38.832665] [INFO] 1: 打开日志文件@@@@@@: logs\1\2024-12-30.log
[2024-12-30 17:45:38.833661] [INFO] 1: 打开日志文件@@@@@@: logs\1\2024-12-30.log
[2024-12-30 17:45:38.834658] [INFO] 1: 打开日志文件@@@@@@: logs\1\2024-12-30.log
[2024-12-30 17:45:38.835655] [INFO] 1: 打开日志文件@@@@@@: logs\1\2024-12-30.log
[2024-12-30 17:45:38.834658] [INFO] 1: @@@设备 1 初始化完成
[2024-12-30 17:45:38.836653] [INFO] 1: @@@设备 1 初始化完成
[2024-12-30 17:45:38.837650] [INFO] 1: @@@设备 1 初始化完成
[2024-12-30 17:45:38.837650] [INFO] 1: @@@设备 1 初始化完成
[2024-12-30 17:45:38.838647] [INFO] 1: @@@设备 1 初始化完成
[2024-12-30 17:45:38.838647] [INFO] 1: @@@设备 1 初始化完成
[2024-12-30 17:45:38.839644] [INFO] 1: @@@设备 1 初始化完成
[2024-12-30 17:45:38.840641] [INFO] 1: @@@设备 1 初始化完成
[2024-12-30 17:45:38.840641] [INFO] 1: @@@设备 1 初始化完成
[2024-12-30 17:45:38.841639] [INFO] 1: @@@设备 1 初始化完成
[2024-12-30 17:45:38.842637] [INFO] 1: @@@设备 1 初始化完成
[2024-12-30 17:45:38.842637] [INFO] 1: @@@设备 1 初始化完成
[2024-12-30 17:45:38.843634] [INFO] 1: @@@设备 1 初始化完成
[2024-12-30 17:45:38.843634] [INFO] 1: @@@设备 1 初始化完成
[2024-12-30 17:45:38.844631] [INFO] 1: @@@设备 1 初始化完成
[2024-12-30 17:45:38.845628] [INFO] 1: @@@设备 1 初始化完成
[2024-12-30 17:45:38.846627] [INFO] 1: @@@设备 1 初始化完成
[2024-12-30 17:45:38.848621] [INFO] 1: @@@设备 1 初始化完成
[2024-12-30 17:45:38.849618] [INFO] 1: @@@设备 1 初始化完成
[2024-12-30 17:45:38.849618] [INFO] 1: @@@设备 1 初始化完成
[2024-12-30 17:45:38.850615] [INFO] 1: @@@设备 1 初始化完成
[2024-12-30 17:45:38.851613] [INFO] 1: @@@设备 1 初始化完成
[2024-12-30 17:45:38.852610] [INFO] 1: @@@设备 1 初始化完成
[2024-12-30 17:45:38.853607] [INFO] 1: @@@设备 1 初始化完成
[2024-12-30 17:45:38.854605] [INFO] 1: @@@设备 1 初始化完成
[2024-12-30 17:45:38.854605] [INFO] 1: @@@设备 1 初始化完成
[2024-12-30 17:45:38.855602] [INFO] 1: @@@设备 1 初始化完成
[2024-12-30 17:45:38.857597] [INFO] 1: @@@设备 1 初始化完成
[2024-12-30 17:45:38.858594] [INFO] 1: @@@设备 1 初始化完成
[2024-12-30 17:45:38.858594] [INFO] 1: @@@设备 1 初始化完成
[2024-12-30 17:45:38.859591] [INFO] 1: @@@设备 1 初始化完成
[2024-12-30 17:45:38.860588] [INFO] 1: @@@设备 1 初始化完成
[2024-12-30 17:45:38.860588] [INFO] 1: @@@设备 1 初始化完成
[2024-12-30 17:45:38.861586] [INFO] 1: @@@设备 1 初始化完成
[2024-12-30 17:45:38.863581] [INFO] 1: @@@设备 1 初始化完成
[2024-12-30 17:45:38.864578] [INFO] 1: @@@设备 1 初始化完成
[2024-12-30 17:45:38.865575] [INFO] 1: @@@设备 1 初始化完成
[2024-12-30 17:45:38.865575] [INFO] 1: @@@设备 1 初始化完成
[2024-12-30 17:45:38.866572] [INFO] 1: @@@设备 1 初始化完成
[2024-12-30 17:45:38.867569] [INFO] 1: @@@设备 1 初始化完成
[2024-12-30 17:45:38.867569] [INFO] 1: @@@设备 1 初始化完成
[2024-12-30 17:45:38.868567] [INFO] 1: @@@设备 1 初始化完成
[2024-12-30 17:45:38.869565] [INFO] 1: @@@设备 1 初始化完成
[2024-12-30 17:45:38.869565] [INFO] 1: @@@设备 1 初始化完成
[2024-12-30 17:45:38.870562] [INFO] 1: @@@设备 1 初始化完成
[2024-12-30 17:45:38.871560] [INFO] 1: @@@设备 1 初始化完成
[2024-12-30 17:45:38.873554] [INFO] 1: @@@设备 1 初始化完成
[2024-12-30 17:45:38.874552] [INFO] 1: @@@设备 1 初始化完成
[2024-12-30 17:45:38.874552] [INFO] 1: @@@设备 1 初始化完成
[2024-12-30 17:45:38.875548] [INFO] 1: @@@设备 1 初始化完成
[2024-12-30 17:45:38.876546] [INFO] 1: @@@设备 1 初始化完成
[2024-12-30 17:45:38.877544] [INFO] 1: @@@设备 1 初始化完成
[2024-12-30 17:45:38.877544] [INFO] 1: @@@设备 1 初始化完成
[2024-12-30 17:45:38.878541] [INFO] 1: @@@设备 1 初始化完成
[2024-12-30 17:45:38.879538] [INFO] 1: @@@设备 1 初始化完成
[2024-12-30 17:45:38.881535] [INFO] 1: @@@设备 1 初始化完成
[2024-12-30 17:45:38.881535] [INFO] 1: @@@设备 1 初始化完成
[2024-12-30 17:45:38.882531] [INFO] 1: @@@设备 1 初始化完成
[2024-12-30 17:45:38.883528] [INFO] 1: @@@设备 1 初始化完成
[2024-12-30 17:45:38.884524] [INFO] 1: @@@设备 1 初始化完成
[2024-12-30 17:45:38.885522] [INFO] 1: @@@设备 1 初始化完成
[2024-12-30 17:45:38.885522] [INFO] 1: @@@设备 1 初始化完成
[2024-12-30 17:45:38.886519] [INFO] 1: @@@设备 1 初始化完成
[2024-12-30 17:45:38.887516] [INFO] 1: @@@设备 1 初始化完成
[2024-12-30 17:45:38.888513] [INFO] 1: @@@设备 1 初始化完成
[2024-12-30 17:45:38.890509] [INFO] 1: @@@设备 1 初始化完成
[2024-12-30 17:45:38.890509] [INFO] 1: @@@设备 1 初始化完成
[2024-12-30 17:45:38.891506] [INFO] 1: @@@设备 1 初始化完成
[2024-12-30 17:45:38.892503] [INFO] 1: @@@设备 1 初始化完成
[2024-12-30 17:45:38.892503] [INFO] 1: @@@设备 1 初始化完成
[2024-12-30 17:45:38.893500] [INFO] 1: @@@设备 1 初始化完成
[2024-12-30 17:45:38.893500] [INFO] 1: @@@设备 1 初始化完成
[2024-12-30 17:45:38.894497] [INFO] 1: @@@设备 1 初始化完成
[2024-12-30 17:45:38.894497] [INFO] 1: @@@设备 1 初始化完成
[2024-12-30 17:45:38.896493] [INFO] 1: @@@设备 1 初始化完成
[2024-12-30 17:45:38.898488] [INFO] 1: @@@设备 1 初始化完成
[2024-12-30 17:45:38.898488] [INFO] 1: @@@设备 1 初始化完成
[2024-12-30 17:45:38.899485] [INFO] 1: @@@设备 1 初始化完成
[2024-12-30 17:45:38.900481] [INFO] 1: @@@设备 1 初始化完成
[2024-12-30 17:45:38.901479] [INFO] 1: @@@设备 1 初始化完成
[2024-12-30 17:45:38.902477] [INFO] 1: @@@设备 1 初始化完成
[2024-12-30 17:45:38.903473] [INFO] 1: @@@设备 1 初始化完成
[2024-12-30 17:45:38.903473] [INFO] 1: @@@设备 1 初始化完成
[2024-12-30 17:45:38.904471] [INFO] 1: @@@设备 1 初始化完成
[2024-12-30 17:45:38.906467] [INFO] 1: @@@设备 1 初始化完成
[2024-12-30 17:45:38.907464] [INFO] 1: @@@设备 1 初始化完成
[2024-12-30 17:45:38.908461] [INFO] 1: @@@设备 1 初始化完成
[2024-12-30 17:45:38.908461] [INFO] 1: @@@设备 1 初始化完成
[2024-12-30 17:45:38.910456] [INFO] 1: @@@设备 1 初始化完成
[2024-12-30 17:45:38.911453] [INFO] 1: @@@设备 1 初始化完成
[2024-12-30 17:45:38.911453] [INFO] 1: @@@设备 1 初始化完成
[2024-12-30 17:45:38.913449] [INFO] 1: @@@设备 1 初始化完成
[2024-12-30 17:45:38.914447] [INFO] 1: @@@设备 1 初始化完成
[2024-12-30 17:45:38.915442] [INFO] 1: @@@设备 1 初始化完成
[2024-12-30 17:45:38.916439] [INFO] 1: @@@设备 1 初始化完成
[2024-12-30 17:45:38.916439] [INFO] 1: @@@设备 1 初始化完成
[2024-12-30 17:45:38.917437] [INFO] 1: @@@设备 1 初始化完成
[2024-12-30 17:45:38.918434] [INFO] 1: @@@设备 1 初始化完成
[2024-12-30 17:45:38.918434] [INFO] 1: @@@设备 1 初始化完成
[2024-12-30 17:45:38.919431] [INFO] 1: @@@设备 1 初始化完成
[2024-12-30 17:45:38.920428] [INFO] 1: @@@设备 1 初始化完成
[2024-12-30 17:45:38.920428] [INFO] 1: @@@设备 1 初始化完成
[2024-12-30 17:45:38.921426] [INFO] 1: @@@设备 1 初始化完成
[2024-12-30 17:45:38.923421] [INFO] 1: @@@设备 1 初始化完成
[2024-12-30 17:45:38.924418] [INFO] 1: @@@设备 1 初始化完成
[2024-12-30 17:45:38.924418] [INFO] 1: @@@设备 1 初始化完成
[2024-12-30 17:45:38.925415] [INFO] 1: @@@设备 1 初始化完成
[2024-12-30 17:45:38.926413] [INFO] 1: @@@设备 1 初始化完成
[2024-12-30 17:45:38.926413] [INFO] 1: @@@设备 1 初始化完成
[2024-12-30 17:45:38.927409] [INFO] 1: @@@设备 1 初始化完成
[2024-12-30 17:45:38.928407] [INFO] 1: @@@设备 1 初始化完成
[2024-12-30 17:45:38.929405] [INFO] 1: @@@设备 1 初始化完成
[2024-12-30 17:45:38.930403] [INFO] 1: @@@设备 1 初始化完成
[2024-12-30 17:45:38.931399] [INFO] 1: @@@设备 1 初始化完成
[2024-12-30 17:45:38.932397] [INFO] 1: @@@设备 1 初始化完成
[2024-12-30 17:45:38.934391] [INFO] 1: @@@设备 1 初始化完成
[2024-12-30 17:45:38.935395] [INFO] 1: @@@设备 1 初始化完成
[2024-12-30 17:45:38.936386] [INFO] 1: @@@设备 1 初始化完成
[2024-12-30 17:45:38.937383] [INFO] 1: @@@设备 1 初始化完成
[2024-12-30 17:45:38.937383] [INFO] 1: @@@设备 1 初始化完成
[2024-12-30 17:45:38.938380] [INFO] 1: @@@设备 1 初始化完成
[2024-12-30 17:45:38.939378] [INFO] 1: @@@设备 1 初始化完成
[2024-12-30 17:45:38.941373] [INFO] 1: @@@设备 1 初始化完成
[2024-12-30 17:45:38.941373] [INFO] 1: @@@设备 1 初始化完成
[2024-12-30 17:45:38.942371] [INFO] 1: @@@设备 1 初始化完成
[2024-12-30 17:45:38.943367] [INFO] 1: @@@设备 1 初始化完成
[2024-12-30 17:45:38.944365] [INFO] 1: @@@设备 1 初始化完成
[2024-12-30 17:45:38.944365] [INFO] 1: @@@设备 1 初始化完成
[2024-12-30 17:45:38.947357] [INFO] 1: @@@设备 1 初始化完成
[2024-12-30 17:45:38.948354] [INFO] 1: @@@设备 1 初始化完成
[2024-12-30 17:45:38.949352] [INFO] 1: @@@设备 1 初始化完成
[2024-12-30 17:45:38.950348] [INFO] 1: @@@设备 1 初始化完成
[2024-12-30 17:45:38.950348] [INFO] 1: @@@设备 1 初始化完成
[2024-12-30 17:45:38.951345] [INFO] 1: @@@设备 1 初始化完成
[2024-12-30 17:45:38.952343] [INFO] 1: @@@设备 1 初始化完成
[2024-12-30 17:45:38.953341] [INFO] 1: @@@设备 1 初始化完成
[2024-12-30 17:45:38.953341] [INFO] 1: @@@设备 1 初始化完成
[2024-12-30 17:45:38.954338] [INFO] 1: @@@设备 1 初始化完成
[2024-12-30 17:45:38.955335] [INFO] 1: @@@设备 1 初始化完成
[2024-12-30 17:45:38.957330] [INFO] 1: @@@设备 1 初始化完成
[2024-12-30 17:45:38.957330] [INFO] 1: @@@设备 1 初始化完成
[2024-12-30 17:45:38.958328] [INFO] 1: @@@设备 1 初始化完成
[2024-12-30 17:45:38.959324] [INFO] 1: @@@设备 1 初始化完成
[2024-12-30 17:45:38.959324] [INFO] 1: @@@设备 1 初始化完成
[2024-12-30 17:45:38.960322] [INFO] 1: @@@设备 1 初始化完成
[2024-12-30 17:45:38.960322] [INFO] 1: @@@设备 1 初始化完成
[2024-12-30 17:45:38.961318] [INFO] 1: @@@设备 1 初始化完成
[2024-12-30 17:45:38.962316] [INFO] 1: @@@设备 1 初始化完成
[2024-12-30 17:45:38.964312] [INFO] 1: @@@设备 1 初始化完成
[2024-12-30 17:45:38.965309] [INFO] 1: @@@设备 1 初始化完成
[2024-12-30 17:45:38.965309] [INFO] 1: @@@设备 1 初始化完成
[2024-12-30 17:45:38.966305] [INFO] 1: @@@设备 1 初始化完成
[2024-12-30 17:45:38.967303] [INFO] 1: @@@设备 1 初始化完成
[2024-12-30 17:45:38.967303] [INFO] 1: @@@设备 1 初始化完成
[2024-12-30 17:45:38.968301] [INFO] 1: @@@设备 1 初始化完成
[2024-12-30 17:45:38.969298] [INFO] 1: @@@设备 1 初始化完成
[2024-12-30 17:45:38.970295] [INFO] 1: @@@设备 1 初始化完成
[2024-12-30 17:45:38.970295] [INFO] 1: @@@设备 1 初始化完成
[2024-12-30 17:45:38.971292] [INFO] 1: @@@设备 1 初始化完成
[2024-12-30 17:45:38.973288] [INFO] 1: @@@设备 1 初始化完成
[2024-12-30 17:45:38.974285] [INFO] 1: @@@设备 1 初始化完成
[2024-12-30 17:45:38.975282] [INFO] 1: @@@设备 1 初始化完成
[2024-12-30 17:45:38.975282] [INFO] 1: @@@设备 1 初始化完成
[2024-12-30 17:45:38.976279] [INFO] 1: @@@设备 1 初始化完成
[2024-12-30 17:45:38.976279] [INFO] 1: @@@设备 1 初始化完成
[2024-12-30 17:45:38.977276] [INFO] 1: @@@设备 1 初始化完成
[2024-12-30 17:45:38.978274] [INFO] 1: @@@设备 1 初始化完成
[2024-12-30 17:45:38.978274] [INFO] 1: @@@设备 1 初始化完成
[2024-12-30 17:45:38.980269] [INFO] 1: @@@设备 1 初始化完成
[2024-12-30 17:45:38.982264] [INFO] 1: @@@设备 1 初始化完成
[2024-12-30 17:45:38.982264] [INFO] 1: @@@设备 1 初始化完成
[2024-12-30 17:45:38.983260] [INFO] 1: @@@设备 1 初始化完成
[2024-12-30 17:45:38.984257] [INFO] 1: @@@设备 1 初始化完成
[2024-12-30 17:45:38.985256] [INFO] 1: @@@设备 1 初始化完成
[2024-12-30 17:45:38.985256] [INFO] 1: @@@设备 1 初始化完成
[2024-12-30 17:45:38.986253] [INFO] 1: @@@设备 1 初始化完成
[2024-12-30 17:45:38.987249] [INFO] 1: @@@设备 1 初始化完成
[2024-12-30 17:45:38.988247] [INFO] 1: @@@设备 1 初始化完成
[2024-12-30 17:45:38.989245] [INFO] 1: @@@设备 1 初始化完成
[2024-12-30 17:45:38.990242] [INFO] 1: @@@设备 1 初始化完成
[2024-12-30 17:45:38.991239] [INFO] 1: @@@设备 1 初始化完成
[2024-12-30 17:45:38.991239] [INFO] 1: @@@设备 1 初始化完成
[2024-12-30 17:45:38.992236] [INFO] 1: @@@设备 1 初始化完成
[2024-12-30 17:45:38.992236] [INFO] 1: @@@设备 1 初始化完成
[2024-12-30 17:45:38.993234] [INFO] 1: @@@设备 1 初始化完成
[2024-12-30 17:45:38.994231] [INFO] 1: @@@设备 1 初始化完成
[2024-12-30 17:45:38.994231] [INFO] 1: @@@设备 1 初始化完成
[2024-12-30 17:45:38.995228] [INFO] 1: @@@设备 1 初始化完成
[2024-12-30 17:45:38.997224] [INFO] 1: @@@设备 1 初始化完成
[2024-12-30 17:45:38.998221] [INFO] 1: @@@设备 1 初始化完成
[2024-12-30 17:45:38.998221] [INFO] 1: @@@设备 1 初始化完成
[2024-12-30 17:45:38.999217] [INFO] 1: @@@设备 1 初始化完成
[2024-12-30 17:45:39.000215] [INFO] 1: @@@设备 1 初始化完成
[2024-12-30 17:45:39.000215] [INFO] 1: @@@设备 1 初始化完成
[2024-12-30 17:45:39.001212] [INFO] 1: @@@设备 1 初始化完成
[2024-12-30 17:45:39.001212] [INFO] 1: @@@设备 1 初始化完成
[2024-12-30 17:45:39.002209] [INFO] 1: @@@设备 1 初始化完成
[2024-12-30 17:45:39.003207] [INFO] 1: @@@设备 1 初始化完成
[2024-12-30 17:45:39.003207] [INFO] 1: @@@设备 1 初始化完成
[2024-12-30 17:45:39.004205] [INFO] 1: 正在连接到服务器 http://localhost:5000...
[2024-12-30 17:45:39.005202] [INFO] 1: 连接参数: device_id=1
[2024-12-30 17:45:41.866555] [INFO] 1: 已连接到服务器, SID: WzXoK4GZKqIEkpWYAAAE
[2024-12-30 17:45:41.868549] [INFO] 1: 连接成功，设备ID: 1, SID: WzXoK4GZKqIEkpWYAAAE
[2024-12-30 17:45:41.870545] [INFO] 1: 支持的命令:
[2024-12-30 17:45:41.872539] [INFO] 1: - status: 查看状态
[2024-12-30 17:45:41.873536] [INFO] 1: 支持的命令:
[2024-12-30 17:45:41.874534] [INFO] 1: - exit: 退出程序
[2024-12-30 17:45:41.877527] [INFO] 1: - status: 查看状态
[2024-12-30 17:45:41.882513] [INFO] 1: 客户端运行中... 按Ctrl+C退出
[2024-12-30 17:45:41.884508] [INFO] 1: - exit: 退出程序
[2024-12-30 17:45:41.887499] [INFO] 1: 客户端运行中... 按Ctrl+C退出
[2024-12-30 17:46:14.836239] [INFO] 1: 正在处理命令: aa, ID: 41
[2024-12-30 17:46:14.838233] [INFO] 1: 匹配: help =>aa 结果:None
[2024-12-30 17:46:14.841224] [INFO] 1: 正在处理命令: aa, ID: 41
[2024-12-30 17:46:14.845215] [INFO] 1: 匹配: getinfo =>aa 结果:None
[2024-12-30 17:46:14.847209] [INFO] 1: 匹配: help =>aa 结果:None
[2024-12-30 17:46:14.848206] [INFO] 1: 匹配: time =>aa 结果:None
[2024-12-30 17:46:14.850201] [INFO] 1: 匹配: getinfo =>aa 结果:None
[2024-12-30 17:46:14.856185] [INFO] 1: 客户端执行命令结果: 未知命令
[2024-12-30 17:46:14.858180] [INFO] 1: 匹配: time =>aa 结果:None
[2024-12-30 17:46:14.863172] [INFO] 1: 客户端发送响应: {'command_id': 41, 'device_id': '1', 'result': '未知命令'}
[2024-12-30 17:46:14.865160] [INFO] 1: 客户端执行命令结果: 未知命令
[2024-12-30 17:46:14.870147] [INFO] 1: 客户端发送响应: {'command_id': 41, 'device_id': '1', 'result': '未知命令'}
[2024-12-30 17:46:14.873139] [INFO] 1: 命令执行结果: 未知命令
[2024-12-30 17:51:48.834453] [WARN] 1: 断开连接
[2024-12-30 17:51:53.578961] [ERROR] 1: 连接错误: Connection error
[2024-12-30 17:51:59.234049] [ERROR] 1: 连接错误: Connection error
[2024-12-30 17:52:05.831866] [INFO] 1: 已连接到服务器, SID: 1IWsYiW-7gLcSnCnAAAC
[2024-12-30 17:52:10.114332] [WARN] 1: 断开连接
[2024-12-30 17:52:10.409961] [INFO] 1: 
正在退出...
[2024-12-30 17:52:10.415946] [INFO] 1: End
[2024-12-30 17:52:16.018385] [i] 1: 打开日志文件@@@@@@: logs\1\2024-12-30.log
[2024-12-30 17:52:16.020380] [i] 1: 打开日志文件@@@@@@: logs\1\2024-12-30.log
[2024-12-30 17:52:16.021377] [i] 1: 打开日志文件@@@@@@: logs\1\2024-12-30.log
[2024-12-30 17:52:16.023373] [i] 1: 打开日志文件@@@@@@: logs\1\2024-12-30.log
[2024-12-30 17:52:16.024370] [i] 1: 打开日志文件@@@@@@: logs\1\2024-12-30.log
[2024-12-30 17:52:16.026364] [i] 1: 打开日志文件@@@@@@: logs\1\2024-12-30.log
[2024-12-30 17:52:16.027362] [i] 1: 打开日志文件@@@@@@: logs\1\2024-12-30.log
[2024-12-30 17:52:16.028359] [i] 1: 打开日志文件@@@@@@: logs\1\2024-12-30.log
[2024-12-30 17:52:16.030354] [i] 1: 打开日志文件@@@@@@: logs\1\2024-12-30.log
[2024-12-30 17:52:16.031351] [i] 1: 打开日志文件@@@@@@: logs\1\2024-12-30.log
[2024-12-30 17:52:16.032348] [i] 1: 打开日志文件@@@@@@: logs\1\2024-12-30.log
[2024-12-30 17:52:16.034343] [i] 1: 打开日志文件@@@@@@: logs\1\2024-12-30.log
[2024-12-30 17:52:16.037338] [i] 1: 打开日志文件@@@@@@: logs\1\2024-12-30.log
[2024-12-30 17:52:16.038333] [i] 1: 打开日志文件@@@@@@: logs\1\2024-12-30.log
[2024-12-30 17:52:16.040329] [i] 1: 打开日志文件@@@@@@: logs\1\2024-12-30.log
[2024-12-30 17:52:16.041325] [i] 1: 打开日志文件@@@@@@: logs\1\2024-12-30.log
[2024-12-30 17:52:16.042321] [i] 1: 打开日志文件@@@@@@: logs\1\2024-12-30.log
[2024-12-30 17:52:16.044317] [i] 1: 打开日志文件@@@@@@: logs\1\2024-12-30.log
[2024-12-30 17:52:16.047309] [i] 1: 打开日志文件@@@@@@: logs\1\2024-12-30.log
[2024-12-30 17:52:16.048306] [i] 1: 打开日志文件@@@@@@: logs\1\2024-12-30.log
[2024-12-30 17:52:16.049303] [i] 1: 打开日志文件@@@@@@: logs\1\2024-12-30.log
[2024-12-30 17:52:16.051327] [i] 1: 打开日志文件@@@@@@: logs\1\2024-12-30.log
[2024-12-30 17:52:16.052295] [i] 1: 打开日志文件@@@@@@: logs\1\2024-12-30.log
[2024-12-30 17:52:16.053297] [i] 1: 打开日志文件@@@@@@: logs\1\2024-12-30.log
[2024-12-30 17:52:16.054292] [i] 1: 打开日志文件@@@@@@: logs\1\2024-12-30.log
[2024-12-30 17:52:16.056285] [i] 1: 打开日志文件@@@@@@: logs\1\2024-12-30.log
[2024-12-30 17:52:16.058280] [i] 1: 打开日志文件@@@@@@: logs\1\2024-12-30.log
[2024-12-30 17:52:16.060316] [i] 1: 打开日志文件@@@@@@: logs\1\2024-12-30.log
[2024-12-30 17:52:16.062269] [i] 1: 打开日志文件@@@@@@: logs\1\2024-12-30.log
[2024-12-30 17:52:16.064272] [i] 1: 打开日志文件@@@@@@: logs\1\2024-12-30.log
[2024-12-30 17:52:16.065260] [i] 1: 打开日志文件@@@@@@: logs\1\2024-12-30.log
[2024-12-30 17:52:16.067255] [i] 1: 打开日志文件@@@@@@: logs\1\2024-12-30.log
[2024-12-30 17:52:16.069250] [i] 1: 打开日志文件@@@@@@: logs\1\2024-12-30.log
[2024-12-30 17:52:16.070247] [i] 1: 打开日志文件@@@@@@: logs\1\2024-12-30.log
[2024-12-30 17:52:16.072247] [i] 1: 打开日志文件@@@@@@: logs\1\2024-12-30.log
[2024-12-30 17:52:16.073242] [i] 1: 打开日志文件@@@@@@: logs\1\2024-12-30.log
[2024-12-30 17:52:16.075234] [i] 1: 打开日志文件@@@@@@: logs\1\2024-12-30.log
[2024-12-30 17:52:16.077228] [i] 1: 打开日志文件@@@@@@: logs\1\2024-12-30.log
[2024-12-30 17:52:16.079224] [i] 1: 打开日志文件@@@@@@: logs\1\2024-12-30.log
[2024-12-30 17:52:16.081218] [i] 1: 打开日志文件@@@@@@: logs\1\2024-12-30.log
[2024-12-30 17:52:16.082875] [i] 1: 打开日志文件@@@@@@: logs\1\2024-12-30.log
[2024-12-30 17:52:16.084868] [i] 1: 打开日志文件@@@@@@: logs\1\2024-12-30.log
[2024-12-30 17:52:16.085877] [i] 1: 打开日志文件@@@@@@: logs\1\2024-12-30.log
[2024-12-30 17:52:16.087859] [i] 1: 打开日志文件@@@@@@: logs\1\2024-12-30.log
[2024-12-30 17:52:16.088859] [i] 1: 打开日志文件@@@@@@: logs\1\2024-12-30.log
[2024-12-30 17:52:16.091855] [i] 1: 打开日志文件@@@@@@: logs\1\2024-12-30.log
[2024-12-30 17:52:16.092845] [i] 1: 打开日志文件@@@@@@: logs\1\2024-12-30.log
[2024-12-30 17:52:16.093842] [i] 1: 打开日志文件@@@@@@: logs\1\2024-12-30.log
[2024-12-30 17:52:16.095839] [i] 1: 打开日志文件@@@@@@: logs\1\2024-12-30.log
[2024-12-30 17:52:16.096835] [i] 1: 打开日志文件@@@@@@: logs\1\2024-12-30.log
[2024-12-30 17:52:16.098830] [i] 1: 打开日志文件@@@@@@: logs\1\2024-12-30.log
[2024-12-30 17:52:16.099827] [i] 1: 打开日志文件@@@@@@: logs\1\2024-12-30.log
[2024-12-30 17:52:16.100824] [i] 1: 打开日志文件@@@@@@: logs\1\2024-12-30.log
[2024-12-30 17:52:16.101822] [i] 1: 打开日志文件@@@@@@: logs\1\2024-12-30.log
[2024-12-30 17:52:16.102819] [i] 1: 打开日志文件@@@@@@: logs\1\2024-12-30.log
[2024-12-30 17:52:16.103817] [i] 1: 打开日志文件@@@@@@: logs\1\2024-12-30.log
[2024-12-30 17:52:16.104813] [i] 1: 打开日志文件@@@@@@: logs\1\2024-12-30.log
[2024-12-30 17:52:16.105812] [i] 1: 打开日志文件@@@@@@: logs\1\2024-12-30.log
[2024-12-30 17:52:16.107806] [i] 1: 打开日志文件@@@@@@: logs\1\2024-12-30.log
[2024-12-30 17:52:16.109800] [i] 1: 打开日志文件@@@@@@: logs\1\2024-12-30.log
[2024-12-30 17:52:16.111031] [i] 1: 打开日志文件@@@@@@: logs\1\2024-12-30.log
[2024-12-30 17:52:16.111971] [i] 1: 打开日志文件@@@@@@: logs\1\2024-12-30.log
[2024-12-30 17:52:16.115700] [i] 1: 打开日志文件@@@@@@: logs\1\2024-12-30.log
[2024-12-30 17:52:16.116708] [i] 1: 打开日志文件@@@@@@: logs\1\2024-12-30.log
[2024-12-30 17:52:16.117708] [i] 1: 打开日志文件@@@@@@: logs\1\2024-12-30.log
[2024-12-30 17:52:16.118690] [i] 1: 打开日志文件@@@@@@: logs\1\2024-12-30.log
[2024-12-30 17:52:16.120187] [i] 1: 打开日志文件@@@@@@: logs\1\2024-12-30.log
[2024-12-30 17:52:16.120187] [i] 1: 打开日志文件@@@@@@: logs\1\2024-12-30.log
[2024-12-30 17:52:16.121184] [i] 1: 打开日志文件@@@@@@: logs\1\2024-12-30.log
[2024-12-30 17:52:16.122200] [i] 1: 打开日志文件@@@@@@: logs\1\2024-12-30.log
[2024-12-30 17:52:16.122200] [i] 1: 打开日志文件@@@@@@: logs\1\2024-12-30.log
[2024-12-30 17:52:16.122200] [i] 1: 打开日志文件@@@@@@: logs\1\2024-12-30.log
[2024-12-30 17:52:16.122200] [i] 1: 打开日志文件@@@@@@: logs\1\2024-12-30.log
[2024-12-30 17:52:16.125448] [i] 1: 打开日志文件@@@@@@: logs\1\2024-12-30.log
[2024-12-30 17:52:16.125867] [i] 1: 打开日志文件@@@@@@: logs\1\2024-12-30.log
[2024-12-30 17:52:16.126864] [i] 1: 打开日志文件@@@@@@: logs\1\2024-12-30.log
[2024-12-30 17:52:16.127862] [i] 1: 打开日志文件@@@@@@: logs\1\2024-12-30.log
[2024-12-30 17:52:16.128555] [i] 1: 打开日志文件@@@@@@: logs\1\2024-12-30.log
[2024-12-30 17:52:16.128555] [i] 1: 打开日志文件@@@@@@: logs\1\2024-12-30.log
[2024-12-30 17:52:16.128555] [i] 1: 打开日志文件@@@@@@: logs\1\2024-12-30.log
[2024-12-30 17:52:16.128555] [i] 1: 打开日志文件@@@@@@: logs\1\2024-12-30.log
[2024-12-30 17:52:16.132556] [i] 1: 打开日志文件@@@@@@: logs\1\2024-12-30.log
[2024-12-30 17:52:16.132556] [i] 1: 打开日志文件@@@@@@: logs\1\2024-12-30.log
[2024-12-30 17:52:16.132556] [i] 1: 打开日志文件@@@@@@: logs\1\2024-12-30.log
[2024-12-30 17:52:16.132556] [i] 1: 打开日志文件@@@@@@: logs\1\2024-12-30.log
[2024-12-30 17:52:16.136556] [i] 1: 打开日志文件@@@@@@: logs\1\2024-12-30.log
[2024-12-30 17:52:16.136556] [i] 1: 打开日志文件@@@@@@: logs\1\2024-12-30.log
[2024-12-30 17:52:16.138889] [i] 1: 打开日志文件@@@@@@: logs\1\2024-12-30.log
[2024-12-30 17:52:16.140367] [i] 1: 打开日志文件@@@@@@: logs\1\2024-12-30.log
[2024-12-30 17:52:16.140367] [i] 1: 打开日志文件@@@@@@: logs\1\2024-12-30.log
[2024-12-30 17:52:16.141364] [i] 1: 打开日志文件@@@@@@: logs\1\2024-12-30.log
[2024-12-30 17:52:16.142360] [i] 1: 打开日志文件@@@@@@: logs\1\2024-12-30.log
[2024-12-30 17:52:16.143358] [i] 1: 打开日志文件@@@@@@: logs\1\2024-12-30.log
[2024-12-30 17:52:16.143358] [i] 1: 打开日志文件@@@@@@: logs\1\2024-12-30.log
[2024-12-30 17:52:16.145315] [i] 1: 打开日志文件@@@@@@: logs\1\2024-12-30.log
[2024-12-30 17:52:16.145315] [i] 1: 打开日志文件@@@@@@: logs\1\2024-12-30.log
[2024-12-30 17:52:16.145315] [i] 1: 打开日志文件@@@@@@: logs\1\2024-12-30.log
[2024-12-30 17:52:16.145315] [i] 1: 打开日志文件@@@@@@: logs\1\2024-12-30.log
[2024-12-30 17:52:16.149316] [i] 1: 打开日志文件@@@@@@: logs\1\2024-12-30.log
[2024-12-30 17:52:16.149316] [i] 1: 打开日志文件@@@@@@: logs\1\2024-12-30.log
[2024-12-30 17:52:16.149316] [i] 1: 打开日志文件@@@@@@: logs\1\2024-12-30.log
[2024-12-30 17:52:16.149316] [i] 1: 打开日志文件@@@@@@: logs\1\2024-12-30.log
[2024-12-30 17:52:16.149316] [i] 1: 打开日志文件@@@@@@: logs\1\2024-12-30.log
[2024-12-30 17:52:16.153316] [i] 1: 打开日志文件@@@@@@: logs\1\2024-12-30.log
[2024-12-30 17:52:16.153316] [i] 1: 打开日志文件@@@@@@: logs\1\2024-12-30.log
[2024-12-30 17:52:16.156610] [i] 1: 打开日志文件@@@@@@: logs\1\2024-12-30.log
[2024-12-30 17:52:16.157607] [i] 1: 打开日志文件@@@@@@: logs\1\2024-12-30.log
[2024-12-30 17:52:16.158604] [i] 1: 打开日志文件@@@@@@: logs\1\2024-12-30.log
[2024-12-30 17:52:16.159601] [i] 1: 打开日志文件@@@@@@: logs\1\2024-12-30.log
[2024-12-30 17:52:16.160598] [i] 1: 打开日志文件@@@@@@: logs\1\2024-12-30.log
[2024-12-30 17:52:16.161911] [i] 1: 打开日志文件@@@@@@: logs\1\2024-12-30.log
[2024-12-30 17:52:16.161911] [i] 1: 打开日志文件@@@@@@: logs\1\2024-12-30.log
[2024-12-30 17:52:16.161911] [i] 1: 打开日志文件@@@@@@: logs\1\2024-12-30.log
[2024-12-30 17:52:16.165917] [i] 1: 打开日志文件@@@@@@: logs\1\2024-12-30.log
[2024-12-30 17:52:16.165917] [i] 1: 打开日志文件@@@@@@: logs\1\2024-12-30.log
[2024-12-30 17:52:16.165917] [i] 1: 打开日志文件@@@@@@: logs\1\2024-12-30.log
[2024-12-30 17:52:16.165917] [i] 1: 打开日志文件@@@@@@: logs\1\2024-12-30.log
[2024-12-30 17:52:16.165917] [i] 1: 打开日志文件@@@@@@: logs\1\2024-12-30.log
[2024-12-30 17:52:16.169912] [i] 1: 打开日志文件@@@@@@: logs\1\2024-12-30.log
[2024-12-30 17:52:16.169912] [i] 1: 打开日志文件@@@@@@: logs\1\2024-12-30.log
[2024-12-30 17:52:16.172680] [i] 1: 打开日志文件@@@@@@: logs\1\2024-12-30.log
[2024-12-30 17:52:16.173684] [i] 1: 打开日志文件@@@@@@: logs\1\2024-12-30.log
[2024-12-30 17:52:16.174674] [i] 1: 打开日志文件@@@@@@: logs\1\2024-12-30.log
[2024-12-30 17:52:16.175672] [i] 1: 打开日志文件@@@@@@: logs\1\2024-12-30.log
[2024-12-30 17:52:16.176604] [i] 1: 打开日志文件@@@@@@: logs\1\2024-12-30.log
[2024-12-30 17:52:16.176604] [i] 1: 打开日志文件@@@@@@: logs\1\2024-12-30.log
[2024-12-30 17:52:16.178614] [i] 1: 打开日志文件@@@@@@: logs\1\2024-12-30.log
[2024-12-30 17:52:16.178614] [i] 1: 打开日志文件@@@@@@: logs\1\2024-12-30.log
[2024-12-30 17:52:16.178614] [i] 1: 打开日志文件@@@@@@: logs\1\2024-12-30.log
[2024-12-30 17:52:16.181773] [i] 1: 打开日志文件@@@@@@: logs\1\2024-12-30.log
[2024-12-30 17:52:16.182770] [i] 1: 打开日志文件@@@@@@: logs\1\2024-12-30.log
[2024-12-30 17:52:16.183768] [i] 1: 打开日志文件@@@@@@: logs\1\2024-12-30.log
[2024-12-30 17:52:16.183768] [i] 1: 打开日志文件@@@@@@: logs\1\2024-12-30.log
[2024-12-30 17:52:16.184765] [i] 1: 打开日志文件@@@@@@: logs\1\2024-12-30.log
[2024-12-30 17:52:16.186066] [i] 1: 打开日志文件@@@@@@: logs\1\2024-12-30.log
[2024-12-30 17:52:16.186066] [i] 1: 打开日志文件@@@@@@: logs\1\2024-12-30.log
[2024-12-30 17:52:16.186066] [i] 1: 打开日志文件@@@@@@: logs\1\2024-12-30.log
[2024-12-30 17:52:16.186066] [i] 1: 打开日志文件@@@@@@: logs\1\2024-12-30.log
[2024-12-30 17:52:16.186066] [i] 1: 打开日志文件@@@@@@: logs\1\2024-12-30.log
[2024-12-30 17:52:16.190066] [i] 1: 打开日志文件@@@@@@: logs\1\2024-12-30.log
[2024-12-30 17:52:16.191233] [i] 1: 打开日志文件@@@@@@: logs\1\2024-12-30.log
[2024-12-30 17:52:16.191233] [i] 1: 打开日志文件@@@@@@: logs\1\2024-12-30.log
[2024-12-30 17:52:16.192230] [i] 1: 打开日志文件@@@@@@: logs\1\2024-12-30.log
[2024-12-30 17:52:16.193226] [i] 1: 打开日志文件@@@@@@: logs\1\2024-12-30.log
[2024-12-30 17:52:16.194224] [i] 1: 打开日志文件@@@@@@: logs\1\2024-12-30.log
[2024-12-30 17:52:16.195290] [i] 1: 打开日志文件@@@@@@: logs\1\2024-12-30.log
[2024-12-30 17:52:16.195290] [i] 1: 打开日志文件@@@@@@: logs\1\2024-12-30.log
[2024-12-30 17:52:16.195290] [i] 1: 打开日志文件@@@@@@: logs\1\2024-12-30.log
[2024-12-30 17:52:16.195290] [i] 1: 打开日志文件@@@@@@: logs\1\2024-12-30.log
[2024-12-30 17:52:16.199292] [i] 1: 打开日志文件@@@@@@: logs\1\2024-12-30.log
[2024-12-30 17:52:16.199292] [i] 1: 打开日志文件@@@@@@: logs\1\2024-12-30.log
[2024-12-30 17:52:16.199292] [i] 1: 打开日志文件@@@@@@: logs\1\2024-12-30.log
[2024-12-30 17:52:16.199292] [i] 1: 打开日志文件@@@@@@: logs\1\2024-12-30.log
[2024-12-30 17:52:16.203291] [i] 1: 打开日志文件@@@@@@: logs\1\2024-12-30.log
[2024-12-30 17:52:16.203291] [i] 1: 打开日志文件@@@@@@: logs\1\2024-12-30.log
[2024-12-30 17:52:16.205756] [i] 1: 打开日志文件@@@@@@: logs\1\2024-12-30.log
[2024-12-30 17:52:16.206866] [i] 1: 打开日志文件@@@@@@: logs\1\2024-12-30.log
[2024-12-30 17:52:16.207312] [i] 1: 打开日志文件@@@@@@: logs\1\2024-12-30.log
[2024-12-30 17:52:16.208309] [i] 1: 打开日志文件@@@@@@: logs\1\2024-12-30.log
[2024-12-30 17:52:16.209310] [i] 1: 打开日志文件@@@@@@: logs\1\2024-12-30.log
[2024-12-30 17:52:16.210303] [i] 1: 打开日志文件@@@@@@: logs\1\2024-12-30.log
[2024-12-30 17:52:16.211301] [i] 1: 打开日志文件@@@@@@: logs\1\2024-12-30.log
[2024-12-30 17:52:16.211944] [i] 1: 打开日志文件@@@@@@: logs\1\2024-12-30.log
[2024-12-30 17:52:16.211944] [i] 1: 打开日志文件@@@@@@: logs\1\2024-12-30.log
[2024-12-30 17:52:16.211944] [i] 1: 打开日志文件@@@@@@: logs\1\2024-12-30.log
[2024-12-30 17:52:16.215943] [i] 1: 打开日志文件@@@@@@: logs\1\2024-12-30.log
[2024-12-30 17:52:16.215943] [i] 1: 打开日志文件@@@@@@: logs\1\2024-12-30.log
[2024-12-30 17:52:16.215943] [i] 1: 打开日志文件@@@@@@: logs\1\2024-12-30.log
[2024-12-30 17:52:16.215943] [i] 1: 打开日志文件@@@@@@: logs\1\2024-12-30.log
[2024-12-30 17:52:16.219943] [i] 1: 打开日志文件@@@@@@: logs\1\2024-12-30.log
[2024-12-30 17:52:16.219943] [i] 1: 打开日志文件@@@@@@: logs\1\2024-12-30.log
[2024-12-30 17:52:16.219943] [i] 1: 打开日志文件@@@@@@: logs\1\2024-12-30.log
[2024-12-30 17:52:16.223223] [i] 1: 打开日志文件@@@@@@: logs\1\2024-12-30.log
[2024-12-30 17:52:16.224220] [i] 1: 打开日志文件@@@@@@: logs\1\2024-12-30.log
[2024-12-30 17:52:16.224220] [i] 1: 打开日志文件@@@@@@: logs\1\2024-12-30.log
[2024-12-30 17:52:16.225218] [i] 1: 打开日志文件@@@@@@: logs\1\2024-12-30.log
[2024-12-30 17:52:16.226214] [i] 1: 打开日志文件@@@@@@: logs\1\2024-12-30.log
[2024-12-30 17:52:16.227212] [i] 1: 打开日志文件@@@@@@: logs\1\2024-12-30.log
[2024-12-30 17:52:16.228673] [i] 1: 打开日志文件@@@@@@: logs\1\2024-12-30.log
[2024-12-30 17:52:16.228673] [i] 1: 打开日志文件@@@@@@: logs\1\2024-12-30.log
[2024-12-30 17:52:16.228673] [i] 1: 打开日志文件@@@@@@: logs\1\2024-12-30.log
[2024-12-30 17:52:16.232675] [i] 1: 打开日志文件@@@@@@: logs\1\2024-12-30.log
[2024-12-30 17:52:16.232675] [i] 1: 打开日志文件@@@@@@: logs\1\2024-12-30.log
[2024-12-30 17:52:16.232675] [i] 1: 打开日志文件@@@@@@: logs\1\2024-12-30.log
[2024-12-30 17:52:16.232675] [i] 1: 打开日志文件@@@@@@: logs\1\2024-12-30.log
[2024-12-30 17:52:16.232675] [i] 1: 打开日志文件@@@@@@: logs\1\2024-12-30.log
[2024-12-30 17:52:16.236675] [i] 1: 打开日志文件@@@@@@: logs\1\2024-12-30.log
[2024-12-30 17:52:16.236675] [i] 1: 打开日志文件@@@@@@: logs\1\2024-12-30.log
[2024-12-30 17:52:16.239547] [i] 1: 打开日志文件@@@@@@: logs\1\2024-12-30.log
[2024-12-30 17:52:16.239875] [i] 1: 打开日志文件@@@@@@: logs\1\2024-12-30.log
[2024-12-30 17:52:16.240873] [i] 1: 打开日志文件@@@@@@: logs\1\2024-12-30.log
[2024-12-30 17:52:16.241870] [i] 1: 打开日志文件@@@@@@: logs\1\2024-12-30.log
[2024-12-30 17:52:16.241870] [i] 1: 打开日志文件@@@@@@: logs\1\2024-12-30.log
[2024-12-30 17:52:16.242867] [i] 1: 打开日志文件@@@@@@: logs\1\2024-12-30.log
[2024-12-30 17:52:16.243864] [i] 1: 打开日志文件@@@@@@: logs\1\2024-12-30.log
[2024-12-30 17:52:16.245688] [i] 1: 打开日志文件@@@@@@: logs\1\2024-12-30.log
[2024-12-30 17:52:16.245688] [i] 1: 打开日志文件@@@@@@: logs\1\2024-12-30.log
[2024-12-30 17:52:16.249688] [i] 1: 打开日志文件@@@@@@: logs\1\2024-12-30.log
[2024-12-30 17:52:16.245688] [i] 1: @@@设备 1 初始化完成
[2024-12-30 17:52:16.249688] [i] 1: @@@设备 1 初始化完成
[2024-12-30 17:52:16.249688] [i] 1: @@@设备 1 初始化完成
[2024-12-30 17:52:16.249688] [i] 1: @@@设备 1 初始化完成
[2024-12-30 17:52:16.249688] [i] 1: @@@设备 1 初始化完成
[2024-12-30 17:52:16.253690] [i] 1: @@@设备 1 初始化完成
[2024-12-30 17:52:16.253690] [i] 1: @@@设备 1 初始化完成
[2024-12-30 17:52:16.253690] [i] 1: @@@设备 1 初始化完成
[2024-12-30 17:52:16.253690] [i] 1: @@@设备 1 初始化完成
[2024-12-30 17:52:16.253690] [i] 1: @@@设备 1 初始化完成
[2024-12-30 17:52:16.257689] [i] 1: @@@设备 1 初始化完成
[2024-12-30 17:52:16.257689] [i] 1: @@@设备 1 初始化完成
[2024-12-30 17:52:16.257689] [i] 1: @@@设备 1 初始化完成
[2024-12-30 17:52:16.257689] [i] 1: @@@设备 1 初始化完成
[2024-12-30 17:52:16.257689] [i] 1: @@@设备 1 初始化完成
[2024-12-30 17:52:16.257689] [i] 1: @@@设备 1 初始化完成
[2024-12-30 17:52:16.261344] [i] 1: @@@设备 1 初始化完成
[2024-12-30 17:52:16.262343] [i] 1: @@@设备 1 初始化完成
[2024-12-30 17:52:16.262343] [i] 1: @@@设备 1 初始化完成
[2024-12-30 17:52:16.263338] [i] 1: @@@设备 1 初始化完成
[2024-12-30 17:52:16.263338] [i] 1: @@@设备 1 初始化完成
[2024-12-30 17:52:16.264335] [i] 1: @@@设备 1 初始化完成
[2024-12-30 17:52:16.264335] [i] 1: @@@设备 1 初始化完成
[2024-12-30 17:52:16.265333] [i] 1: @@@设备 1 初始化完成
[2024-12-30 17:52:16.265333] [i] 1: @@@设备 1 初始化完成
[2024-12-30 17:52:16.266330] [i] 1: @@@设备 1 初始化完成
[2024-12-30 17:52:16.266330] [i] 1: @@@设备 1 初始化完成
[2024-12-30 17:52:16.267327] [i] 1: @@@设备 1 初始化完成
[2024-12-30 17:52:16.267327] [i] 1: @@@设备 1 初始化完成
[2024-12-30 17:52:16.268325] [i] 1: @@@设备 1 初始化完成
[2024-12-30 17:52:16.268325] [i] 1: @@@设备 1 初始化完成
[2024-12-30 17:52:16.269322] [i] 1: @@@设备 1 初始化完成
[2024-12-30 17:52:16.269322] [i] 1: @@@设备 1 初始化完成
[2024-12-30 17:52:16.270319] [i] 1: @@@设备 1 初始化完成
[2024-12-30 17:52:16.270713] [i] 1: @@@设备 1 初始化完成
[2024-12-30 17:52:16.270713] [i] 1: @@@设备 1 初始化完成
[2024-12-30 17:52:16.270713] [i] 1: @@@设备 1 初始化完成
[2024-12-30 17:52:16.270713] [i] 1: @@@设备 1 初始化完成
[2024-12-30 17:52:16.270713] [i] 1: @@@设备 1 初始化完成
[2024-12-30 17:52:16.270713] [i] 1: @@@设备 1 初始化完成
[2024-12-30 17:52:16.270713] [i] 1: @@@设备 1 初始化完成
[2024-12-30 17:52:16.274714] [i] 1: @@@设备 1 初始化完成
[2024-12-30 17:52:16.274714] [i] 1: @@@设备 1 初始化完成
[2024-12-30 17:52:16.274714] [i] 1: @@@设备 1 初始化完成
[2024-12-30 17:52:16.274714] [i] 1: @@@设备 1 初始化完成
[2024-12-30 17:52:16.278011] [i] 1: @@@设备 1 初始化完成
[2024-12-30 17:52:16.280007] [i] 1: @@@设备 1 初始化完成
[2024-12-30 17:52:16.282000] [i] 1: @@@设备 1 初始化完成
[2024-12-30 17:52:16.285753] [i] 1: @@@设备 1 初始化完成
[2024-12-30 17:52:16.285753] [i] 1: @@@设备 1 初始化完成
[2024-12-30 17:52:16.289754] [i] 1: @@@设备 1 初始化完成
[2024-12-30 17:52:16.289754] [i] 1: @@@设备 1 初始化完成
[2024-12-30 17:52:16.289754] [i] 1: @@@设备 1 初始化完成
[2024-12-30 17:52:16.289754] [i] 1: @@@设备 1 初始化完成
[2024-12-30 17:52:16.289754] [i] 1: @@@设备 1 初始化完成
[2024-12-30 17:52:16.289754] [i] 1: @@@设备 1 初始化完成
[2024-12-30 17:52:16.289754] [i] 1: @@@设备 1 初始化完成
[2024-12-30 17:52:16.293754] [i] 1: @@@设备 1 初始化完成
[2024-12-30 17:52:16.294675] [i] 1: @@@设备 1 初始化完成
[2024-12-30 17:52:16.295673] [i] 1: @@@设备 1 初始化完成
[2024-12-30 17:52:16.296670] [i] 1: @@@设备 1 初始化完成
[2024-12-30 17:52:16.297667] [i] 1: @@@设备 1 初始化完成
[2024-12-30 17:52:16.298520] [i] 1: @@@设备 1 初始化完成
[2024-12-30 17:52:16.298520] [i] 1: @@@设备 1 初始化完成
[2024-12-30 17:52:16.298520] [i] 1: @@@设备 1 初始化完成
[2024-12-30 17:52:16.302289] [i] 1: @@@设备 1 初始化完成
[2024-12-30 17:52:16.302289] [i] 1: @@@设备 1 初始化完成
[2024-12-30 17:52:16.303287] [i] 1: @@@设备 1 初始化完成
[2024-12-30 17:52:16.303287] [i] 1: @@@设备 1 初始化完成
[2024-12-30 17:52:16.304284] [i] 1: @@@设备 1 初始化完成
[2024-12-30 17:52:16.304284] [i] 1: @@@设备 1 初始化完成
[2024-12-30 17:52:16.305281] [i] 1: @@@设备 1 初始化完成
[2024-12-30 17:52:16.305281] [i] 1: @@@设备 1 初始化完成
[2024-12-30 17:52:16.305281] [i] 1: @@@设备 1 初始化完成
[2024-12-30 17:52:16.306278] [i] 1: @@@设备 1 初始化完成
[2024-12-30 17:52:16.306883] [i] 1: @@@设备 1 初始化完成
[2024-12-30 17:52:16.307795] [i] 1: @@@设备 1 初始化完成
[2024-12-30 17:52:16.307795] [i] 1: @@@设备 1 初始化完成
[2024-12-30 17:52:16.308792] [i] 1: @@@设备 1 初始化完成
[2024-12-30 17:52:16.308792] [i] 1: @@@设备 1 初始化完成
[2024-12-30 17:52:16.308792] [i] 1: @@@设备 1 初始化完成
[2024-12-30 17:52:16.309789] [i] 1: @@@设备 1 初始化完成
[2024-12-30 17:52:16.309789] [i] 1: @@@设备 1 初始化完成
[2024-12-30 17:52:16.310787] [i] 1: @@@设备 1 初始化完成
[2024-12-30 17:52:16.311789] [i] 1: @@@设备 1 初始化完成
[2024-12-30 17:52:16.313500] [i] 1: @@@设备 1 初始化完成
[2024-12-30 17:52:16.313500] [i] 1: @@@设备 1 初始化完成
[2024-12-30 17:52:16.314497] [i] 1: @@@设备 1 初始化完成
[2024-12-30 17:52:16.314497] [i] 1: @@@设备 1 初始化完成
[2024-12-30 17:52:16.314497] [i] 1: @@@设备 1 初始化完成
[2024-12-30 17:52:16.315493] [i] 1: @@@设备 1 初始化完成
[2024-12-30 17:52:16.315493] [i] 1: @@@设备 1 初始化完成
[2024-12-30 17:52:16.316491] [i] 1: @@@设备 1 初始化完成
[2024-12-30 17:52:16.316491] [i] 1: @@@设备 1 初始化完成
[2024-12-30 17:52:16.318015] [i] 1: @@@设备 1 初始化完成
[2024-12-30 17:52:16.318015] [i] 1: @@@设备 1 初始化完成
[2024-12-30 17:52:16.318015] [i] 1: @@@设备 1 初始化完成
[2024-12-30 17:52:16.318015] [i] 1: @@@设备 1 初始化完成
[2024-12-30 17:52:16.318015] [i] 1: @@@设备 1 初始化完成
[2024-12-30 17:52:16.318015] [i] 1: @@@设备 1 初始化完成
[2024-12-30 17:52:16.318015] [i] 1: @@@设备 1 初始化完成
[2024-12-30 17:52:16.318015] [i] 1: @@@设备 1 初始化完成
[2024-12-30 17:52:16.318015] [i] 1: @@@设备 1 初始化完成
[2024-12-30 17:52:16.322015] [i] 1: @@@设备 1 初始化完成
[2024-12-30 17:52:16.322015] [i] 1: @@@设备 1 初始化完成
[2024-12-30 17:52:16.323380] [i] 1: @@@设备 1 初始化完成
[2024-12-30 17:52:16.323525] [i] 1: @@@设备 1 初始化完成
[2024-12-30 17:52:16.323525] [i] 1: @@@设备 1 初始化完成
[2024-12-30 17:52:16.324522] [i] 1: @@@设备 1 初始化完成
[2024-12-30 17:52:16.324522] [i] 1: @@@设备 1 初始化完成
[2024-12-30 17:52:16.325519] [i] 1: @@@设备 1 初始化完成
[2024-12-30 17:52:16.325519] [i] 1: @@@设备 1 初始化完成
[2024-12-30 17:52:16.326517] [i] 1: @@@设备 1 初始化完成
[2024-12-30 17:52:16.326517] [i] 1: @@@设备 1 初始化完成
[2024-12-30 17:52:16.327514] [i] 1: @@@设备 1 初始化完成
[2024-12-30 17:52:16.328451] [i] 1: @@@设备 1 初始化完成
[2024-12-30 17:52:16.328451] [i] 1: @@@设备 1 初始化完成
[2024-12-30 17:52:16.328451] [i] 1: @@@设备 1 初始化完成
[2024-12-30 17:52:16.328451] [i] 1: @@@设备 1 初始化完成
[2024-12-30 17:52:16.328451] [i] 1: @@@设备 1 初始化完成
[2024-12-30 17:52:16.328451] [i] 1: @@@设备 1 初始化完成
[2024-12-30 17:52:16.328451] [i] 1: @@@设备 1 初始化完成
[2024-12-30 17:52:16.332450] [i] 1: @@@设备 1 初始化完成
[2024-12-30 17:52:16.332450] [i] 1: @@@设备 1 初始化完成
[2024-12-30 17:52:16.333434] [i] 1: @@@设备 1 初始化完成
[2024-12-30 17:52:16.333434] [i] 1: @@@设备 1 初始化完成
[2024-12-30 17:52:16.334430] [i] 1: @@@设备 1 初始化完成
[2024-12-30 17:52:16.334430] [i] 1: @@@设备 1 初始化完成
[2024-12-30 17:52:16.335428] [i] 1: @@@设备 1 初始化完成
[2024-12-30 17:52:16.335428] [i] 1: @@@设备 1 初始化完成
[2024-12-30 17:52:16.336425] [i] 1: @@@设备 1 初始化完成
[2024-12-30 17:52:16.336425] [i] 1: @@@设备 1 初始化完成
[2024-12-30 17:52:16.337422] [i] 1: @@@设备 1 初始化完成
[2024-12-30 17:52:16.337863] [i] 1: @@@设备 1 初始化完成
[2024-12-30 17:52:16.337863] [i] 1: @@@设备 1 初始化完成
[2024-12-30 17:52:16.337863] [i] 1: @@@设备 1 初始化完成
[2024-12-30 17:52:16.337863] [i] 1: @@@设备 1 初始化完成
[2024-12-30 17:52:16.337863] [i] 1: @@@设备 1 初始化完成
[2024-12-30 17:52:16.337863] [i] 1: @@@设备 1 初始化完成
[2024-12-30 17:52:16.337863] [i] 1: @@@设备 1 初始化完成
[2024-12-30 17:52:16.337863] [i] 1: @@@设备 1 初始化完成
[2024-12-30 17:52:16.337863] [i] 1: @@@设备 1 初始化完成
[2024-12-30 17:52:16.341864] [i] 1: @@@设备 1 初始化完成
[2024-12-30 17:52:16.341864] [i] 1: @@@设备 1 初始化完成
[2024-12-30 17:52:16.341864] [i] 1: @@@设备 1 初始化完成
[2024-12-30 17:52:16.343263] [i] 1: @@@设备 1 初始化完成
[2024-12-30 17:52:16.343263] [i] 1: @@@设备 1 初始化完成
[2024-12-30 17:52:16.344259] [i] 1: @@@设备 1 初始化完成
[2024-12-30 17:52:16.345107] [i] 1: @@@设备 1 初始化完成
[2024-12-30 17:52:16.346434] [i] 1: @@@设备 1 初始化完成
[2024-12-30 17:52:16.347432] [i] 1: @@@设备 1 初始化完成
[2024-12-30 17:52:16.348000] [i] 1: @@@设备 1 初始化完成
[2024-12-30 17:52:16.348000] [i] 1: @@@设备 1 初始化完成
[2024-12-30 17:52:16.348000] [i] 1: @@@设备 1 初始化完成
[2024-12-30 17:52:16.348000] [i] 1: @@@设备 1 初始化完成
[2024-12-30 17:52:16.348000] [i] 1: @@@设备 1 初始化完成
[2024-12-30 17:52:16.348000] [i] 1: @@@设备 1 初始化完成
[2024-12-30 17:52:16.348000] [i] 1: @@@设备 1 初始化完成
[2024-12-30 17:52:16.351999] [i] 1: @@@设备 1 初始化完成
[2024-12-30 17:52:16.351999] [i] 1: @@@设备 1 初始化完成
[2024-12-30 17:52:16.353415] [i] 1: @@@设备 1 初始化完成
[2024-12-30 17:52:16.353760] [i] 1: @@@设备 1 初始化完成
[2024-12-30 17:52:16.353760] [i] 1: @@@设备 1 初始化完成
[2024-12-30 17:52:16.354758] [i] 1: @@@设备 1 初始化完成
[2024-12-30 17:52:16.354758] [i] 1: @@@设备 1 初始化完成
[2024-12-30 17:52:16.355755] [i] 1: @@@设备 1 初始化完成
[2024-12-30 17:52:16.355755] [i] 1: @@@设备 1 初始化完成
[2024-12-30 17:52:16.356753] [i] 1: @@@设备 1 初始化完成
[2024-12-30 17:52:16.356753] [i] 1: @@@设备 1 初始化完成
[2024-12-30 17:52:16.357941] [i] 1: @@@设备 1 初始化完成
[2024-12-30 17:52:16.357941] [i] 1: @@@设备 1 初始化完成
[2024-12-30 17:52:16.357941] [i] 1: @@@设备 1 初始化完成
[2024-12-30 17:52:16.357941] [i] 1: @@@设备 1 初始化完成
[2024-12-30 17:52:16.357941] [i] 1: @@@设备 1 初始化完成
[2024-12-30 17:52:16.357941] [i] 1: @@@设备 1 初始化完成
[2024-12-30 17:52:16.362069] [i] 1: @@@设备 1 初始化完成
[2024-12-30 17:52:16.362069] [i] 1: @@@设备 1 初始化完成
[2024-12-30 17:52:16.362069] [i] 1: @@@设备 1 初始化完成
[2024-12-30 17:52:16.362069] [i] 1: @@@设备 1 初始化完成
[2024-12-30 17:52:16.366068] [i] 1: @@@设备 1 初始化完成
[2024-12-30 17:52:16.366068] [i] 1: @@@设备 1 初始化完成
[2024-12-30 17:52:16.366068] [i] 1: @@@设备 1 初始化完成
[2024-12-30 17:52:16.366068] [i] 1: @@@设备 1 初始化完成
[2024-12-30 17:52:16.366068] [i] 1: @@@设备 1 初始化完成
[2024-12-30 17:52:16.366068] [i] 1: @@@设备 1 初始化完成
[2024-12-30 17:52:16.366068] [i] 1: @@@设备 1 初始化完成
[2024-12-30 17:52:16.370069] [i] 1: @@@设备 1 初始化完成
[2024-12-30 17:52:16.370069] [i] 1: @@@设备 1 初始化完成
[2024-12-30 17:52:16.370069] [i] 1: @@@设备 1 初始化完成
[2024-12-30 17:52:16.370069] [i] 1: @@@设备 1 初始化完成
[2024-12-30 17:52:16.372721] [i] 1: @@@设备 1 初始化完成
[2024-12-30 17:52:16.372721] [i] 1: @@@设备 1 初始化完成
[2024-12-30 17:52:16.373869] [i] 1: @@@设备 1 初始化完成
[2024-12-30 17:52:16.374647] [i] 1: @@@设备 1 初始化完成
[2024-12-30 17:52:16.374647] [i] 1: @@@设备 1 初始化完成
[2024-12-30 17:52:16.374647] [i] 1: @@@设备 1 初始化完成
[2024-12-30 17:52:16.375644] [i] 1: @@@设备 1 初始化完成
[2024-12-30 17:52:16.375644] [i] 1: @@@设备 1 初始化完成
[2024-12-30 17:52:16.376642] [i] 1: @@@设备 1 初始化完成
[2024-12-30 17:52:16.376642] [i] 1: 正在连接到服务器 http://localhost:5000...
[2024-12-30 17:52:16.377638] [i] 1: 连接参数: device_id=1
[2024-12-30 17:52:19.270242] [i] 1: 已连接到服务器, SID: IORJzBfKWItkQhk6AAAE
[2024-12-30 17:52:19.272232] [i] 1: 连接成功，设备ID: 1, SID: IORJzBfKWItkQhk6AAAE
[2024-12-30 17:52:19.273229] [i] 1: 支持的命令:
[2024-12-30 17:52:19.275225] [i] 1: - status: 查看状态
[2024-12-30 17:52:19.277219] [INFO] 1: 支持的命令:
[2024-12-30 17:52:19.277219] [i] 1: - exit: 退出程序
[2024-12-30 17:52:19.281210] [INFO] 1: - status: 查看状态
[2024-12-30 17:52:19.284202] [i] 1: 客户端运行中... 按Ctrl+C退出
[2024-12-30 17:52:19.286197] [INFO] 1: - exit: 退出程序
[2024-12-30 17:52:19.290184] [INFO] 1: 客户端运行中... 按Ctrl+C退出
[2024-12-30 17:52:35.952848] [i] 1: 正在处理命令: aa, ID: 42
[2024-12-30 17:52:35.953846] [i] 1: 匹配: help =>aa 结果:None
[2024-12-30 17:52:35.955840] [INFO] 1: 正在处理命令: aa, ID: 42
[2024-12-30 17:52:35.959830] [i] 1: 匹配: getinfo =>aa 结果:None
[2024-12-30 17:52:35.961824] [i] 1: 匹配: time =>aa 结果:None
e
[2024-12-30 17:52:35.963818] [INFO] 1: 匹配: getinfo =>aa 结果:None
[2024-12-30 17:52:35.966811] [INFO] 1: 匹配: time =>aa 结果:None
[2024-12-30 17:52:35.962821] [i] 1: 客户端执行命令结果: 未知命令
[2024-12-30 17:52:36.101778] [INFO] 1: 客户端执行命令结果: 未知命令
[2024-12-30 17:52:36.099783] [i] 1: 客户端发送响应: {'command_id': 42, 'device_id': '1', 'result': '未知命令'}
[2024-12-30 17:52:36.184922] [INFO] 1: 客户端发送响应: {'command_id': 42, 'device_id': '1', 'result': '未知命令'}
[2024-12-30 17:52:36.195893] [INFO] 1: 命令执行结果: 未知命令
[2024-12-30 17:55:20.465178] [i] 1: 正在处理命令: 点击 1 200, ID: 43
[2024-12-30 17:55:20.468952] [i] 1: 匹配: help =>点击 1 200 结果:None
[2024-12-30 17:55:20.468952] [i] 1: 匹配: getinfo =>点击 1 200 结果:None
[2024-12-30 17:55:20.468952] [INFO] 1: 正在处理命令: 点击 1 200, ID: 43
[2024-12-30 17:55:20.468952] [i] 1: 匹配: time =>点击 1 200 结果:None
[2024-12-30 17:55:20.474506] [INFO] 1: 匹配: help =>点击 1 200 结果:None
[2024-12-30 17:55:20.474506] [i] 1: 客户端执行命令结果: 未知命令
[2024-12-30 17:55:20.476914] [INFO] 1: 匹配: getinfo =>点击 1 200 结果:None
[2024-12-30 17:55:20.476914] [i] 1: 客户端发送响应: {'command_id': 43, 'device_id': '1', 'result': '未知命令'}
[2024-12-30 17:55:20.480331] [INFO] 1: 匹配: time =>点击 1 200 结果:None
[2024-12-30 17:55:20.483154] [INFO] 1: 客户端执行命令结果: 未知命令
[2024-12-30 17:55:20.486258] [INFO] 1: 客户端发送响应: {'command_id': 43, 'device_id': '1', 'result': '未知命令'}
[2024-12-30 17:55:20.489447] [INFO] 1: 命令执行结果: 未知命令
[2024-12-30 18:24:02.467130] [w] 1: 断开连接
[2024-12-30 18:24:02.475110] [i] 1: 
正在退出...
[2024-12-30 18:24:02.480096] [i] 1: End
[2024-12-30 18:33:01.750003] [INFO] 1: 支持的命令:
[2024-12-30 18:33:01.751997] [INFO] 1: - status: 查看状态
[2024-12-30 18:33:01.755987] [INFO] 1: - exit: 退出程序
[2024-12-30 18:33:01.758978] [INFO] 1: 客户端运行中... 按Ctrl+C退出
[2024-12-30 18:36:15.162704] [INFO] 1: 支持的命令:
[2024-12-30 18:36:15.165697] [INFO] 1: - status: 查看状态
[2024-12-30 18:36:15.168690] [INFO] 1: - exit: 退出程序
[2024-12-30 18:36:15.171680] [INFO] 1: 客户端运行中... 按Ctrl+C退出
[2024-12-30 18:36:30.460653] [INFO] 1: 正在处理命令: 点击 1 200, ID: 44
[2024-12-30 18:36:30.467635] [INFO] 1: 匹配: help =>点击 1 200 结果:None
[2024-12-30 18:36:30.471624] [INFO] 1: 匹配: getinfo =>点击 1 200 结果:None
[2024-12-30 18:36:30.475613] [INFO] 1: 匹配: time =>点击 1 200 结果:None
[2024-12-30 18:36:30.480600] [INFO] 1: 客户端执行命令结果: 未知命令
[2024-12-30 18:36:30.485587] [INFO] 1: 客户端发送响应: {'command_id': 44, 'device_id': '1', 'result': '未知命令'}
[2024-12-30 18:36:30.489576] [INFO] 1: 命令执行结果: 未知命令
[2024-12-30 18:37:03.997595] [INFO] 1: 正在处理命令: 啊啊, ID: 45
[2024-12-30 18:37:04.002581] [INFO] 1: 匹配: help =>啊啊 结果:None
[2024-12-30 18:37:04.006570] [INFO] 1: 匹配: getinfo =>啊啊 结果:None
[2024-12-30 18:37:04.010559] [INFO] 1: 匹配: time =>啊啊 结果:None
[2024-12-30 18:37:04.014549] [INFO] 1: 客户端执行命令结果: 未知命令
[2024-12-30 18:37:04.024521] [INFO] 1: 客户端发送响应: {'command_id': 45, 'device_id': '1', 'result': '未知命令'}
[2024-12-30 18:37:04.028511] [INFO] 1: 命令执行结果: 未知命令
[2024-12-30 18:42:28.726201] [INFO] 1: 支持的命令:
[2024-12-30 18:42:28.731186] [INFO] 1: - status: 查看状态
[2024-12-30 18:42:28.735176] [INFO] 1: - exit: 退出程序
[2024-12-30 18:42:28.739165] [INFO] 1: 客户端运行中... 按Ctrl+C退出
[2024-12-30 18:42:36.017127] [INFO] 1: 正在处理命令: 啊啊, ID: 46
[2024-12-30 18:42:36.021116] [INFO] 1: 匹配: help =>啊啊 结果:None
[2024-12-30 18:42:36.024108] [INFO] 1: 匹配: getinfo =>啊啊 结果:None
[2024-12-30 18:42:36.026103] [INFO] 1: 匹配: time =>啊啊 结果:None
[2024-12-30 18:42:36.029095] [INFO] 1: 客户端执行命令结果: 未知命令
[2024-12-30 18:42:36.031089] [INFO] 1: 客户端发送响应: {'command_id': 46, 'device_id': '1', 'result': '未知命令'}
[2024-12-30 18:42:36.034082] [INFO] 1: 命令执行结果: 未知命令
[2024-12-30 18:42:47.709150] [INFO] 1: 正在处理命令: 啊啊, ID: 47
[2024-12-30 18:42:47.713138] [INFO] 1: 匹配: help =>啊啊 结果:None
[2024-12-30 18:42:47.718124] [INFO] 1: 匹配: getinfo =>啊啊 结果:None
[2024-12-30 18:42:47.722114] [INFO] 1: 匹配: time =>啊啊 结果:None
[2024-12-30 18:42:47.727100] [INFO] 1: 客户端执行命令结果: 未知命令
[2024-12-30 18:42:47.731090] [INFO] 1: 客户端发送响应: {'command_id': 47, 'device_id': '1', 'result': '未知命令'}
[2024-12-30 18:42:47.736077] [INFO] 1: 命令执行结果: 未知命令
[2024-12-30 18:44:56.691531] [INFO] 1: 支持的命令:
[2024-12-30 18:44:56.697514] [INFO] 1: - status: 查看状态
[2024-12-30 18:44:56.702501] [INFO] 1: - exit: 退出程序
[2024-12-30 18:44:56.708486] [INFO] 1: 客户端运行中... 按Ctrl+C退出
[2024-12-30 18:45:10.999329] [INFO] 1: 正在处理命令: 啊啊, ID: 48
[2024-12-30 18:45:11.007311] [INFO] 1: 匹配: help =>啊啊 结果:None
[2024-12-30 18:45:11.012294] [INFO] 1: 匹配: getinfo =>啊啊 结果:None
[2024-12-30 18:45:11.017281] [INFO] 1: 匹配: time =>啊啊 结果:None
[2024-12-30 18:45:11.021270] [INFO] 1: 客户端执行命令结果: 未知命令
[2024-12-30 18:45:11.026256] [INFO] 1: 客户端发送响应: {'command_id': 48, 'device_id': '1', 'result': '未知命令'}
[2024-12-30 18:45:11.031243] [INFO] 1: 命令执行结果: 未知命令
[2024-12-30 18:45:28.971194] [INFO] 1: 正在处理命令: 请求, ID: 49
[2024-12-30 18:45:28.973199] [INFO] 1: 匹配: help =>请求 结果:None
[2024-12-30 18:45:28.975770] [INFO] 1: 匹配: getinfo =>请求 结果:None
[2024-12-30 18:45:28.978761] [INFO] 1: 匹配: time =>请求 结果:None
[2024-12-30 18:45:28.982001] [INFO] 1: 客户端执行命令结果: 未知命令
[2024-12-30 18:45:28.984640] [INFO] 1: 客户端发送响应: {'command_id': 49, 'device_id': '1', 'result': '未知命令'}
[2024-12-30 18:45:28.986635] [INFO] 1: 命令执行结果: 未知命令
