[2024-12-30 18:32:59.142082] [i] None: 设备 TEST1 正在连接到服务器localhost
[2024-12-30 18:32:59.143082] [i] None: 正在连接到服务器 http://localhost:5000...
[2024-12-30 18:32:59.143082] [i] None: 连接参数: device_id=1
[2024-12-30 18:33:01.745017] [i] None: 已连接到服务器, SID: 2zmfUvEXd2sA2196AAAI
[2024-12-30 18:33:01.745017] [i] None: 连接成功，设备ID: 1, SID: 2zmfUvEXd2sA2196AAAI
[2024-12-30 18:33:01.746013] [i] None: 支持的命令:
[2024-12-30 18:33:01.746013] [i] None: - status: 查看状态
[2024-12-30 18:33:01.747012] [i] None: - exit: 退出程序
[2024-12-30 18:33:01.748011] [i] None: 客户端运行中... 按Ctrl+C退出
[2024-12-30 18:36:02.306759] [w] None: 断开连接
[2024-12-30 18:36:02.567415] [i] None: 
正在退出...
[2024-12-30 18:36:02.567415] [i] None: End
[2024-12-30 18:36:12.541777] [i] None: 设备 TEST1 正在连接到服务器localhost
[2024-12-30 18:36:12.542759] [i] None: 连接参数: device_id=1
[2024-12-30 18:36:15.159713] [i] None: 已连接到服务器, SID: LpPMJtvOF76OsJocAAAK
[2024-12-30 18:36:15.159713] [i] None: 连接成功，设备ID: 1, SID: LpPMJtvOF76OsJocAAAK
[2024-12-30 18:36:15.159713] [i] None: 支持的命令:
[2024-12-30 18:36:15.160718] [i] None: - status: 查看状态
[2024-12-30 18:36:15.160718] [i] None: - exit: 退出程序
[2024-12-30 18:36:15.160718] [i] None: 客户端运行中... 按Ctrl+C退出
[2024-12-30 18:36:30.456665] [i] None: 正在处理命令: 点击 1 200, ID: 44
[2024-12-30 18:36:30.464642] [i] None: 匹配: help =>点击 1 200 结果:None
[2024-12-30 18:36:30.464642] [i] None: 匹配: getinfo =>点击 1 200 结果:None
[2024-12-30 18:36:30.465639] [i] None: 匹配: time =>点击 1 200 结果:None
[2024-12-30 18:36:30.465639] [i] None: 客户端执行命令结果: 未知命令
[2024-12-30 18:36:30.465639] [i] None: 客户端发送响应: {'command_id': 44, 'device_id': '1', 'result': '未知命令'}
[2024-12-30 18:37:03.992608] [i] None: 正在处理命令: 啊啊, ID: 45
[2024-12-30 18:37:03.993606] [i] None: 匹配: help =>啊啊 结果:None
[2024-12-30 18:37:03.993606] [i] None: 匹配: getinfo =>啊啊 结果:None
[2024-12-30 18:37:03.994603] [i] None: 匹配: time =>啊啊 结果:None
[2024-12-30 18:37:03.994603] [i] None: 客户端执行命令结果: 未知命令
[2024-12-30 18:37:03.994603] [i] None: 客户端发送响应: {'command_id': 45, 'device_id': '1', 'result': '未知命令'}
[2024-12-30 18:41:52.477997] [w] None: 断开连接
[2024-12-30 18:41:52.485485] [i] None: 
正在退出...
[2024-12-30 18:41:52.485485] [i] None: End
[2024-12-30 18:42:26.071371] [i] None: 设备 TEST1 正在连接到服务器localhost
[2024-12-30 18:42:26.071371] [i] None: 连接参数: device_id=1
[2024-12-30 18:42:28.723209] [i] None: 已连接到服务器, SID: rlJQmLz_axjwaAi2AAAM
[2024-12-30 18:42:28.723209] [i] None: 连接成功，设备ID: 1, SID: rlJQmLz_axjwaAi2AAAM
[2024-12-30 18:42:28.724205] [i] None: 支持的命令:
[2024-12-30 18:42:28.724205] [i] None: - status: 查看状态
[2024-12-30 18:42:28.724205] [i] None: - exit: 退出程序
[2024-12-30 18:42:28.724205] [i] None: 客户端运行中... 按Ctrl+C退出
[2024-12-30 18:42:36.015141] [i] None: 正在处理命令: 啊啊, ID: 46
[2024-12-30 18:42:36.017127] [i] None: 匹配: help =>啊啊 结果:None
[2024-12-30 18:42:36.018125] [i] None: 匹配: getinfo =>啊啊 结果:None
[2024-12-30 18:42:36.018125] [i] None: 匹配: time =>啊啊 结果:None
[2024-12-30 18:42:36.018125] [i] None: 客户端执行命令结果: 未知命令
[2024-12-30 18:42:36.019122] [i] None: 客户端发送响应: {'command_id': 46, 'device_id': '1', 'result': '未知命令'}
[2024-12-30 18:42:47.703167] [i] None: 正在处理命令: 啊啊, ID: 47
[2024-12-30 18:42:47.704163] [i] None: 匹配: help =>啊啊 结果:None
[2024-12-30 18:42:47.705161] [i] None: 匹配: getinfo =>啊啊 结果:None
[2024-12-30 18:42:47.706157] [i] None: 匹配: time =>啊啊 结果:None
[2024-12-30 18:42:47.708153] [i] None: 客户端执行命令结果: 未知命令
[2024-12-30 18:42:47.708153] [i] None: 客户端发送响应: {'command_id': 47, 'device_id': '1', 'result': '未知命令'}
[2024-12-30 18:44:43.138919] [w] None: 断开连接
[2024-12-30 18:44:43.141945] [i] None: 
正在退出...
[2024-12-30 18:44:43.141945] [i] None: End
[2024-12-30 18:44:54.074686] [i] None: 设备 TEST1 正在连接到服务器localhost
[2024-12-30 18:44:54.074686] [i] None: 连接参数: device_id=1
[2024-12-30 18:44:56.686586] [i] None: 已连接到服务器, SID: jrLJDHsNoVqU6xjDAAAO
[2024-12-30 18:44:56.687542] [i] None: 连接成功，设备ID: 1, SID: jrLJDHsNoVqU6xjDAAAO
[2024-12-30 18:44:56.687542] [i] None: 支持的命令:
[2024-12-30 18:44:56.687542] [i] None: - status: 查看状态
[2024-12-30 18:44:56.688538] [i] None: - exit: 退出程序
[2024-12-30 18:44:56.688538] [i] None: 客户端运行中... 按Ctrl+C退出
[2024-12-30 18:45:10.996337] [i] None: 正在处理命令: 啊啊, ID: 48
[2024-12-30 18:45:11.002322] [i] None: 匹配: help =>啊啊 结果:None
[2024-12-30 18:45:11.003319] [i] None: 匹配: getinfo =>啊啊 结果:None
[2024-12-30 18:45:11.003319] [i] None: 匹配: time =>啊啊 结果:None
[2024-12-30 18:45:11.003319] [i] None: 客户端执行命令结果: 未知命令
[2024-12-30 18:45:11.003319] [i] None: 客户端发送响应: {'command_id': 48, 'device_id': '1', 'result': '未知命令'}
[2024-12-30 18:45:28.965145] [i] None: 正在处理命令: 请求, ID: 49
[2024-12-30 18:45:28.969600] [i] None: 匹配: help =>请求 结果:None
[2024-12-30 18:45:28.969600] [i] None: 匹配: getinfo =>请求 结果:None
[2024-12-30 18:45:28.970196] [i] None: 匹配: time =>请求 结果:None
[2024-12-30 18:45:28.970196] [i] None: 客户端执行命令结果: 未知命令
[2024-12-30 18:45:28.970196] [i] None: 客户端发送响应: {'command_id': 49, 'device_id': '1', 'result': '未知命令'}
[2024-12-31 08:58:28.611482] [w] None: 断开连接
[2024-12-31 08:58:45.177996] [i] None: 已连接到服务器, SID: Ms4aUZMGhKVUVzoUAAAW
