12:29:22##@##i##服务器启动
12:29:27##@##i##添加控制台连接: nAyiErGRIrKkfKRtAAAB
12:54:13##@##i##从数据库加载了 6 个设备
12:54:13##DeviceManager##i##更新设备 <Device TEST1>
12:54:14##@##i##设备 TEST1 已连接
12:54:14##@##i##设备 TEST1 登录
12:54:14##@##i##设备 TEST1 登录
12:54:14##TEST1##i##登录成功
12:54:18##@##i##Client disconnected: nAyiErGRIrKkfKRtAAAB
12:54:18##@##i##移除控制台连接: nAyiErGRIrKkfKRtAAAB
12:54:18##访问首页##i##Server
12:54:19##@##i##添加控制台连接: pobjfOVUuuqjIJX4AAAF
13:01:15##@##i##Client disconnected: pobjfOVUuuqjIJX4AAAF
13:01:15##@##i##移除控制台连接: pobjfOVUuuqjIJX4AAAF
13:01:16##访问首页##i##Server
13:01:16##@##i##添加控制台连接: WA-nk-25eRHQi7aoAAAH
13:01:50##@##i##Client disconnected: WA-nk-25eRHQi7aoAAAH
13:01:50##@##i##移除控制台连接: WA-nk-25eRHQi7aoAAAH
13:01:56##访问首页##i##Server
13:01:56##@##i##添加控制台连接: 1wuXvKV2Dog5L5xnAAAJ
13:04:44##处理时间戳请求##i##Server
13:04:44##处理脚本文件请求: CDevice.py##i##Server
13:04:44##处理脚本文件请求: client.py##i##Server
13:04:44##处理脚本文件请求: Cmds.py##i##Server
13:04:44##处理脚本文件请求: logger.py##i##Server
13:04:46##DeviceManager##i##更新设备 <Device 英语>
13:04:46##@##i##设备 英语 已连接
13:04:46##@##i##设备 英语 登录
13:04:46##@##i##设备 英语 登录
13:05:32##英语##i##登录成功
13:05:33##@##i##收到命令请求: {'device_id': '英语', 'command': '截图'}
13:06:19##英语##i##cmdName===> 截图, cmdArgs===> 
13:06:19##英语##i##cmdArgs===> 
13:11:02##@##i##收到命令请求: {'device_id': '英语', 'command': 'reload Cmds'}
13:11:48##英语##i##cmdName===> reload, cmdArgs===> Cmds
13:11:02##处理脚本文件请求: Cmds.py##i##Server
13:11:49##英语##w##Cmds模块热更新 onPreload
13:11:49##英语##w##Cmds模块热更新 OnReload
13:11:49##英语##i##重新加载模块成功: Cmds
13:11:10##@##i##收到命令请求: {'device_id': '英语', 'command': '截图'}
13:11:56##英语##i##cmdName===> 截图, cmdArgs===> 
13:11:56##英语##i##cmdArgs===> 
13:29:21##@##i##Client disconnected: 1wuXvKV2Dog5L5xnAAAJ
13:29:21##@##i##移除控制台连接: 1wuXvKV2Dog5L5xnAAAJ
13:50:41##@##i##Client disconnected: NoedxJjAnlRsK067AAAL
13:50:42##@##i##设备 英语 已断开连接
13:50:42##@##i##Client disconnected: DKon7UuLEvsc2yPdAAAD
13:50:42##@##i##设备 TEST1 已断开连接
13:50:45##DeviceManager##i##更新设备 <Device TEST1>
13:50:45##@##i##设备 TEST1 已连接
13:50:45##@##i##设备 TEST1 登录
13:50:46##@##i##设备 TEST1 登录
13:50:46##TEST1##i##登录成功
13:50:46##@##i##添加控制台连接: 7kFvoNyKo87gQX3uAAAP
13:55:43##@##i##Client disconnected: 7kFvoNyKo87gQX3uAAAP
13:55:43##@##i##移除控制台连接: 7kFvoNyKo87gQX3uAAAP
14:37:35##@##i##Client disconnected: h7nsieQ-iCnvKjYtAAAN
14:37:37##@##i##设备 TEST1 已断开连接
14:37:38##DeviceManager##i##更新设备 <Device TEST1>
14:37:39##@##i##设备 TEST1 已连接
14:37:39##@##i##设备 TEST1 登录
14:37:39##@##i##设备 TEST1 登录
14:37:39##TEST1##i##登录成功
14:37:40##@##i##添加控制台连接: ctpL98E_xjwVyemEAAAT
14:50:36##处理时间戳请求##i##Server
14:50:37##处理脚本文件请求: CDevice.py##i##Server
14:50:37##处理脚本文件请求: client.py##i##Server
14:50:37##处理脚本文件请求: CMain.py##i##Server
14:50:37##处理脚本文件请求: CmdMgr.py##i##Server
14:50:37##处理脚本文件请求: Cmds.py##i##Server
14:50:37##处理脚本文件请求: logger.py##i##Server
14:50:37##处理脚本文件请求: SCommand.py##i##Server
14:50:37##处理脚本文件请求: tools.py##i##Server
14:50:40##@##i##添加设备: ff
14:50:40##DeviceManager##i##更新设备 <Device ff>
14:50:40##@##i##设备 ff 已连接
14:50:40##@##i##设备 ff 登录
14:50:41##@##i##设备 ff 登录
14:50:39##ff##i##登录成功
14:50:59##@##i##收到命令请求: {'device_id': 'ff', 'command': '截屏'}
14:50:57##ff##i##cmdName===> 截屏, cmdArgs===> 
14:52:19##@##i##Client disconnected: ctpL98E_xjwVyemEAAAT
14:52:19##@##i##移除控制台连接: ctpL98E_xjwVyemEAAAT
14:52:19##@##i##Client disconnected: C-6m9G6nXreZsl9OAAAR
14:52:19##@##i##设备 TEST1 已断开连接
14:52:19##@##i##Client disconnected: 3l6KwxKQFcCUYx8uAAAV
14:52:20##@##i##设备 ff 已断开连接
14:53:12##@##i##服务器启动
14:53:12##@##i##从数据库加载了 7 个设备
14:53:12##DeviceManager##i##更新设备 <Device ff>
14:53:13##@##i##设备 ff 已连接
14:53:13##@##i##设备 ff 登录
14:53:13##@##i##设备 ff 登录
14:53:12##ff##i##登录成功
14:53:15##@##i##添加控制台连接: cYd6yDt-Na2covk5AAAD
14:53:26##@##i##Client disconnected: cYd6yDt-Na2covk5AAAD
14:53:26##@##i##移除控制台连接: cYd6yDt-Na2covk5AAAD
14:53:26##访问首页##i##Server
14:53:26##@##i##添加控制台连接: QfEWFfOngx72zQRIAAAF
14:54:31##@##i##Client disconnected: ih5v8gwMDB8zhYMpAAAB
14:54:31##@##i##设备 ff 已断开连接
14:54:48##处理时间戳请求##i##Server
14:54:49##DeviceManager##i##更新设备 <Device ff>
14:54:50##@##i##设备 ff 已连接
14:54:50##@##i##设备 ff 登录
14:54:51##@##i##设备 ff 登录
14:54:49##ff##i##登录成功
14:55:00##@##i##收到命令请求: {'device_id': 'ff', 'command': '截屏'}
14:54:58##ff##i##cmdName===> 截屏, cmdArgs===> 
14:55:18##@##i##收到命令请求: {'device_id': 'ff', 'command': 'captureScreen'}
14:55:17##ff##i##cmdName===> capturescreen, cmdArgs===> 
14:55:17##ff##i##cmdArgs===> 
14:55:26##@##i##截图已保存: SC20250108_145525.jpg
14:55:47##@##i##Client disconnected: QfEWFfOngx72zQRIAAAF
14:55:47##@##i##移除控制台连接: QfEWFfOngx72zQRIAAAF
17:34:57##@##i##Client disconnected: T3acLqJpSS9ogr2oAAAH
17:34:58##@##i##设备 ff 已断开连接
17:35:03##@##i##添加控制台连接: 6Qr2bgmaUKANU9NRAAAJ
17:41:13##@##i##收到命令请求: {'device_id': 'ff', 'command': 'captureScreen'}
17:41:13##设备 ff 未登录##w##Server
17:42:29##处理时间戳请求##i##Server
17:42:31##DeviceManager##i##更新设备 <Device ff>
17:42:31##@##i##设备 ff 已连接
17:42:31##@##i##设备 ff 登录
17:42:32##@##i##设备 ff 登录
17:42:30##ff##i##登录成功
17:42:37##@##i##收到命令请求: {'device_id': 'ff', 'command': 'captureScreen'}
17:42:36##ff##i##cmdName===> capturescreen, cmdArgs===> 
17:42:36##ff##i##cmdArgs===> 
17:42:45##@##i##截图已保存: SC20250108_174245.jpg
17:51:16##@##i##Client disconnected: 6Qr2bgmaUKANU9NRAAAJ
17:51:16##@##i##移除控制台连接: 6Qr2bgmaUKANU9NRAAAJ
17:51:16##@##i##Client disconnected: dOybV2qX6EBtduUhAAAL
17:51:16##@##i##设备 ff 已断开连接
17:51:29##@##i##服务器启动
17:51:29##@##i##添加控制台连接: SUQMe_ANYLB9A28iAAAB
17:51:32##@##i##从数据库加载了 7 个设备
17:51:32##DeviceManager##i##更新设备 <Device ff>
17:51:32##@##i##设备 ff 已连接
17:51:32##@##i##设备 ff 登录
17:51:33##@##i##设备 ff 登录
17:51:31##ff##i##登录成功
17:51:43##@##i##Client disconnected: SUQMe_ANYLB9A28iAAAB
17:51:43##@##i##移除控制台连接: SUQMe_ANYLB9A28iAAAB
17:51:43##访问首页##i##Server
17:51:43##@##i##添加控制台连接: BHYhmzq8Cef1zZhJAAAF
17:52:11##@##i##收到命令请求: {'device_id': 'ff', 'command': 'captureSc'}
17:52:10##ff##i##cmdName===> capturesc, cmdArgs===> 
17:52:10##ff##i##cmdArgs===> 
18:02:34##@##i##Client disconnected: BHYhmzq8Cef1zZhJAAAF
18:02:34##@##i##移除控制台连接: BHYhmzq8Cef1zZhJAAAF
18:02:34##@##i##Client disconnected: gBRMEmNapsy7LIIHAAAD
18:02:34##@##i##设备 ff 已断开连接
18:02:43##@##i##服务器启动
18:02:43##@##i##添加控制台连接: ax5yve182FKHY0XBAAAB
18:02:50##@##i##从数据库加载了 7 个设备
18:02:50##DeviceManager##i##更新设备 <Device ff>
18:02:51##@##i##设备 ff 已连接
18:02:51##@##i##设备 ff 登录
18:02:51##@##i##设备 ff 登录
18:02:50##ff##i##登录成功
18:02:53##@##i##Client disconnected: ax5yve182FKHY0XBAAAB
18:02:53##@##i##移除控制台连接: ax5yve182FKHY0XBAAAB
18:02:53##访问首页##i##Server
18:02:53##@##i##添加控制台连接: xxbBRdDw6ZU7WXkSAAAF
18:03:16##@##i##收到命令请求: {'device_id': 'ff', 'command': 'captureSc'}
18:03:15##ff##i##cmdName===> capturesc, cmdArgs===> 
18:03:15##ff##i##cmdArgs===> 
18:04:11##@##i##Client disconnected: xxbBRdDw6ZU7WXkSAAAF
18:04:11##@##i##移除控制台连接: xxbBRdDw6ZU7WXkSAAAF
18:04:11##访问首页##i##Server
18:04:12##@##i##添加控制台连接: NIaBxkP4ObwJLmu3AAAH
18:06:14##@##i##收到命令请求: {'device_id': 'ff', 'command': 'captureS'}
18:06:13##ff##i##cmdName===> captures, cmdArgs===> 
18:06:13##ff##i##cmdArgs===> 
18:06:43##@##i##收到命令请求: {'device_id': 'ff', 'command': 'captureS'}
18:06:42##ff##i##cmdName===> captures, cmdArgs===> 
18:06:42##ff##i##cmdArgs===> 
18:07:40##@##i##收到命令请求: {'device_id': 'ff', 'command': 'captureS'}
18:07:39##ff##i##cmdName===> captures, cmdArgs===> 
18:07:39##ff##i##cmdArgs===> 
18:14:17##@##i##Client disconnected: NIaBxkP4ObwJLmu3AAAH
18:14:17##@##i##移除控制台连接: NIaBxkP4ObwJLmu3AAAH
18:14:17##@##i##Client disconnected: uGwvoetJJhY1-xuDAAAD
18:14:18##@##i##设备 ff 已断开连接
18:14:27##@##i##服务器启动
18:14:30##@##i##添加控制台连接: jASL5bZ1CkkwhFujAAAB
18:14:34##@##i##从数据库加载了 7 个设备
18:14:34##DeviceManager##i##更新设备 <Device ff>
18:14:34##@##i##设备 ff 已连接
18:14:34##@##i##设备 ff 登录
18:14:35##@##i##设备 ff 登录
18:14:34##ff##i##登录成功
18:14:41##@##i##收到命令请求: {'device_id': 'ff', 'command': 'captureS'}
18:14:40##ff##i##cmdName===> captures, cmdArgs===> 
18:14:40##ff##i##cmdArgs===> 
18:16:23##@##i##Client disconnected: jASL5bZ1CkkwhFujAAAB
18:16:23##@##i##移除控制台连接: jASL5bZ1CkkwhFujAAAB
18:16:23##访问首页##i##Server
18:16:24##@##i##添加控制台连接: P1-LR4Jh3bgPQOKMAAAF
18:16:47##@##i##收到命令请求: {'device_id': 'ff', 'command': 'captureS'}
18:16:46##ff##i##cmdName===> captures, cmdArgs===> 
18:16:46##ff##i##cmdArgs===> 
18:23:45##@##i##Client disconnected: P1-LR4Jh3bgPQOKMAAAF
18:23:45##@##i##移除控制台连接: P1-LR4Jh3bgPQOKMAAAF
18:23:45##@##i##Client disconnected: 1isIYcRfXBN56BLvAAAD
18:23:45##@##i##设备 ff 已断开连接
