15:13:50##@##i##服务器启动
15:14:13##@##i##从数据库加载了 1 个设备
15:14:13##DeviceManager##i##更新设备 <Device TEST1>
15:14:13##@##i##设备 TEST1 已连接
15:14:13##@##i##设备 TEST1 登录
15:14:30##访问首页##i##Server
15:14:30##@##i##添加控制台连接: luUb4njjT4s53NMSAAAD
15:14:30##@##i##控制台连接: luUb4njjT4s53NMSAAAD
15:14:31##@##i##加载设备 TEST1 的历史记录, 页码: 1
15:22:57##@##i##服务器启动
15:22:59##@##i##添加控制台连接: 2KZ4gma87J4cIIjiAAAB
15:22:59##@##i##控制台连接: 2KZ4gma87J4cIIjiAAAB
15:23:02##@##i##从数据库加载了 1 个设备
15:23:02##DeviceManager##i##更新设备 <Device TEST1>
15:23:03##@##i##设备 TEST1 已连接
15:23:03##@##i##设备 TEST1 登录
15:23:03##@##i##Client disconnected: 2KZ4gma87J4cIIjiAAAB
15:23:03##@##i##移除控制台连接: 2KZ4gma87J4cIIjiAAAB
15:23:03##访问首页##i##Server
15:23:03##@##i##添加控制台连接: 1ZdVsHnyXPvDhcnrAAAF
15:23:03##@##i##控制台连接: 1ZdVsHnyXPvDhcnrAAAF
15:23:05##@##i##加载设备 TEST1 的历史记录, 页码: 1
